HelloApplication class loaded 2026-03-29T12:56:45.374752300Z
main() entered 2026-03-29T12:56:45.393755800Z
main() 2026-03-29T12:56:45.397755800Z
HelloApplication class loaded 2026-03-29T13:20:21.626409400Z
main() entered 2026-03-29T13:20:21.710414Z
main() 2026-03-29T13:20:21.721407500Z
HelloApplication class loaded 2026-03-29T14:13:02.106898900Z
main() entered 2026-03-29T14:13:02.117904Z
main() 2026-03-29T14:13:02.121899900Z
HelloApplication class loaded 2026-03-29T14:13:13.231899500Z
main() entered 2026-03-29T14:13:13.257902Z
main() 2026-03-29T14:13:13.274900400Z
Uncaught on thread Thread-10:
java.lang.IllegalStateException: Not on FX application thread; currentThread = Thread-10
	at javafx.graphics@21.0.2/com.sun.javafx.tk.Toolkit.checkFxUserThread(Toolkit.java:294)
	at javafx.graphics@21.0.2/com.sun.javafx.tk.quantum.QuantumToolkit.checkFxUserThread(QuantumToolkit.java:475)
	at javafx.graphics@21.0.2/javafx.scene.Parent$3.onProposedChange(Parent.java:475)
	at javafx.base@21.0.2/com.sun.javafx.collections.VetoableListDecorator.setAll(VetoableListDecorator.java:116)
	at javafx.base@21.0.2/com.sun.javafx.collections.VetoableListDecorator.setAll(VetoableListDecorator.java:110)
	at javafx.controls@21.0.2/javafx.scene.control.skin.LabeledSkinBase.updateChildren(LabeledSkinBase.java:282)
	at javafx.controls@21.0.2/javafx.scene.control.skin.LabeledSkinBase.lambda$new$11(LabeledSkinBase.java:219)
	at javafx.controls@21.0.2/com.sun.javafx.scene.control.LambdaMultiplePropertyChangeListenerHandler.lambda$new$1(LambdaMultiplePropertyChangeListenerHandler.java:88)
	at javafx.base@21.0.2/javafx.beans.value.WeakChangeListener.changed(WeakChangeListener.java:86)
	at javafx.base@21.0.2/com.sun.javafx.binding.ExpressionHelper$SingleChange.fireValueChangedEvent(ExpressionHelper.java:192)
	at javafx.base@21.0.2/com.sun.javafx.binding.ExpressionHelper.fireValueChangedEvent(ExpressionHelper.java:91)
	at javafx.base@21.0.2/javafx.beans.property.StringPropertyBase.fireValueChangedEvent(StringPropertyBase.java:104)
	at javafx.base@21.0.2/javafx.beans.property.StringPropertyBase.markInvalid(StringPropertyBase.java:111)
	at javafx.base@21.0.2/javafx.beans.property.StringPropertyBase.set(StringPropertyBase.java:145)
	at javafx.base@21.0.2/javafx.beans.property.StringPropertyBase.set(StringPropertyBase.java:50)
	at javafx.base@21.0.2/javafx.beans.property.StringProperty.setValue(StringProperty.java:71)
	at javafx.controls@21.0.2/javafx.scene.control.Labeled.setText(Labeled.java:147)
	at javafx.controls@21.0.2/javafx.scene.control.skin.ComboBoxListViewSkin.updateDisplayText(ComboBoxListViewSkin.java:454)
	at javafx.controls@21.0.2/javafx.scene.control.skin.ComboBoxListViewSkin$2$1.updateItem(ComboBoxListViewSkin.java:506)
	at javafx.controls@21.0.2/javafx.scene.control.ListCell.updateItem(ListCell.java:494)
	at javafx.controls@21.0.2/javafx.scene.control.ListCell.indexChanged(ListCell.java:337)
	at javafx.controls@21.0.2/javafx.scene.control.IndexedCell$1.invalidated(IndexedCell.java:85)
	at javafx.base@21.0.2/javafx.beans.property.IntegerPropertyBase.markInvalid(IntegerPropertyBase.java:113)
	at javafx.base@21.0.2/javafx.beans.property.IntegerPropertyBase.set(IntegerPropertyBase.java:148)
	at javafx.controls@21.0.2/javafx.scene.control.IndexedCell.updateIndex(IndexedCell.java:130)
	at javafx.controls@21.0.2/javafx.scene.control.skin.ComboBoxListViewSkin.updateDisplayNode(ComboBoxListViewSkin.java:362)
	at javafx.controls@21.0.2/javafx.scene.control.skin.ComboBoxListViewSkin.getDisplayNode(ComboBoxListViewSkin.java:268)
	at javafx.controls@21.0.2/javafx.scene.control.skin.ComboBoxBaseSkin.updateDisplayArea(ComboBoxBaseSkin.java:296)
	at javafx.controls@21.0.2/javafx.scene.control.skin.ComboBoxBaseSkin.lambda$new$7(ComboBoxBaseSkin.java:140)
	at javafx.controls@21.0.2/com.sun.javafx.scene.control.ListenerHelper$4.changed(ListenerHelper.java:219)
	at javafx.base@21.0.2/com.sun.javafx.binding.ExpressionHelper$Generic.fireValueChangedEvent(ExpressionHelper.java:372)
	at javafx.base@21.0.2/com.sun.javafx.binding.ExpressionHelper.fireValueChangedEvent(ExpressionHelper.java:91)
	at javafx.base@21.0.2/javafx.beans.property.ObjectPropertyBase.fireValueChangedEvent(ObjectPropertyBase.java:106)
	at javafx.base@21.0.2/javafx.beans.property.ObjectPropertyBase.markInvalid(ObjectPropertyBase.java:113)
	at javafx.base@21.0.2/javafx.beans.property.ObjectPropertyBase.set(ObjectPropertyBase.java:147)
	at javafx.controls@21.0.2/javafx.scene.control.ComboBoxBase.setValue(ComboBoxBase.java:151)
	at javafx.controls@21.0.2/javafx.scene.control.ComboBox.updateValue(ComboBox.java:522)
	at javafx.controls@21.0.2/javafx.scene.control.ComboBox$3.changed(ComboBox.java:505)
	at javafx.base@21.0.2/com.sun.javafx.binding.ExpressionHelper$Generic.fireValueChangedEvent(ExpressionHelper.java:372)
	at javafx.base@21.0.2/com.sun.javafx.binding.ExpressionHelper.fireValueChangedEvent(ExpressionHelper.java:91)
	at javafx.base@21.0.2/javafx.beans.property.ReadOnlyObjectPropertyBase.fireValueChangedEvent(ReadOnlyObjectPropertyBase.java:80)
	at javafx.base@21.0.2/javafx.beans.property.ReadOnlyObjectWrapper.fireValueChangedEvent(ReadOnlyObjectWrapper.java:102)
	at javafx.base@21.0.2/javafx.beans.property.ObjectPropertyBase.markInvalid(ObjectPropertyBase.java:113)
	at javafx.base@21.0.2/javafx.beans.property.ObjectPropertyBase.set(ObjectPropertyBase.java:147)
	at javafx.controls@21.0.2/javafx.scene.control.SelectionModel.setSelectedItem(SelectionModel.java:105)
	at javafx.controls@21.0.2/javafx.scene.control.ComboBox$ComboBoxSelectionModel.lambda$new$0(ComboBox.java:562)
	at javafx.base@21.0.2/com.sun.javafx.binding.ExpressionHelper$SingleInvalidation.fireValueChangedEvent(ExpressionHelper.java:147)
	at javafx.base@21.0.2/com.sun.javafx.binding.ExpressionHelper.fireValueChangedEvent(ExpressionHelper.java:91)
	at javafx.base@21.0.2/javafx.beans.property.ReadOnlyIntegerPropertyBase.fireValueChangedEvent(ReadOnlyIntegerPropertyBase.java:78)
	at javafx.base@21.0.2/javafx.beans.property.ReadOnlyIntegerWrapper.fireValueChangedEvent(ReadOnlyIntegerWrapper.java:102)
	at javafx.base@21.0.2/javafx.beans.property.IntegerPropertyBase.markInvalid(IntegerPropertyBase.java:114)
	at javafx.base@21.0.2/javafx.beans.property.IntegerPropertyBase.set(IntegerPropertyBase.java:148)
	at javafx.controls@21.0.2/javafx.scene.control.SelectionModel.setSelectedIndex(SelectionModel.java:69)
	at javafx.controls@21.0.2/javafx.scene.control.ComboBox$ComboBoxSelectionModel$2.onChanged(ComboBox.java:593)
	at javafx.base@21.0.2/javafx.collections.WeakListChangeListener.onChanged(WeakListChangeListener.java:88)
	at javafx.base@21.0.2/com.sun.javafx.collections.ListListenerHelper$Generic.fireValueChangedEvent(ListListenerHelper.java:327)
	at javafx.base@21.0.2/com.sun.javafx.collections.ListListenerHelper.fireValueChangedEvent(ListListenerHelper.java:71)
	at javafx.base@21.0.2/javafx.collections.ObservableListBase.fireChange(ObservableListBase.java:246)
	at javafx.base@21.0.2/javafx.collections.ListChangeBuilder.commit(ListChangeBuilder.java:482)
	at javafx.base@21.0.2/javafx.collections.ListChangeBuilder.endChange(ListChangeBuilder.java:541)
	at javafx.base@21.0.2/javafx.collections.ObservableListBase.endChange(ObservableListBase.java:210)
	at javafx.base@21.0.2/com.sun.javafx.collections.ObservableListWrapper.clear(ObservableListWrapper.java:157)
	at pkg.vms@1.0-SNAPSHOT/pkg.vms.controller.BranchController.loadCompanies(BranchController.java:250)
	at pkg.vms@1.0-SNAPSHOT/pkg.vms.controller.BranchController.lambda$initialize$6(BranchController.java:92)
	at java.base/java.lang.Thread.run(Thread.java:1583)

Uncaught on thread Thread-10:
java.lang.IllegalStateException: Not on FX application thread; currentThread = Thread-10
	at javafx.graphics@21.0.2/com.sun.javafx.tk.Toolkit.checkFxUserThread(Toolkit.java:294)
	at javafx.graphics@21.0.2/com.sun.javafx.tk.quantum.QuantumToolkit.checkFxUserThread(QuantumToolkit.java:475)
	at javafx.graphics@21.0.2/javafx.scene.Parent$3.onProposedChange(Parent.java:475)
	at javafx.base@21.0.2/com.sun.javafx.collections.VetoableListDecorator.setAll(VetoableListDecorator.java:116)
	at javafx.base@21.0.2/com.sun.javafx.collections.VetoableListDecorator.setAll(VetoableListDecorator.java:110)
	at javafx.controls@21.0.2/javafx.scene.control.skin.LabeledSkinBase.updateChildren(LabeledSkinBase.java:282)
	at javafx.controls@21.0.2/javafx.scene.control.skin.LabeledSkinBase.lambda$new$11(LabeledSkinBase.java:219)
	at javafx.controls@21.0.2/com.sun.javafx.scene.control.LambdaMultiplePropertyChangeListenerHandler.lambda$new$1(LambdaMultiplePropertyChangeListenerHandler.java:88)
	at javafx.base@21.0.2/javafx.beans.value.WeakChangeListener.changed(WeakChangeListener.java:86)
	at javafx.base@21.0.2/com.sun.javafx.binding.ExpressionHelper$SingleChange.fireValueChangedEvent(ExpressionHelper.java:192)
	at javafx.base@21.0.2/com.sun.javafx.binding.ExpressionHelper.fireValueChangedEvent(ExpressionHelper.java:91)
	at javafx.base@21.0.2/javafx.beans.property.StringPropertyBase.fireValueChangedEvent(StringPropertyBase.java:104)
	at javafx.base@21.0.2/javafx.beans.property.StringPropertyBase.markInvalid(StringPropertyBase.java:111)
	at javafx.base@21.0.2/javafx.beans.property.StringPropertyBase.set(StringPropertyBase.java:145)
	at javafx.base@21.0.2/javafx.beans.property.StringPropertyBase.set(StringPropertyBase.java:50)
	at javafx.base@21.0.2/javafx.beans.property.StringProperty.setValue(StringProperty.java:71)
	at javafx.controls@21.0.2/javafx.scene.control.Labeled.setText(Labeled.java:147)
	at javafx.controls@21.0.2/javafx.scene.control.skin.ComboBoxListViewSkin.updateDisplayText(ComboBoxListViewSkin.java:470)
	at javafx.controls@21.0.2/javafx.scene.control.skin.ComboBoxListViewSkin.updateDisplayNode(ComboBoxListViewSkin.java:363)
	at javafx.controls@21.0.2/javafx.scene.control.skin.ComboBoxListViewSkin.getDisplayNode(ComboBoxListViewSkin.java:268)
	at javafx.controls@21.0.2/javafx.scene.control.skin.ComboBoxBaseSkin.updateDisplayArea(ComboBoxBaseSkin.java:296)
	at javafx.controls@21.0.2/javafx.scene.control.skin.ComboBoxBaseSkin.lambda$new$7(ComboBoxBaseSkin.java:140)
	at javafx.controls@21.0.2/com.sun.javafx.scene.control.ListenerHelper$4.changed(ListenerHelper.java:219)
	at javafx.base@21.0.2/com.sun.javafx.binding.ExpressionHelper$Generic.fireValueChangedEvent(ExpressionHelper.java:372)
	at javafx.base@21.0.2/com.sun.javafx.binding.ExpressionHelper.fireValueChangedEvent(ExpressionHelper.java:91)
	at javafx.base@21.0.2/javafx.beans.property.ObjectPropertyBase.fireValueChangedEvent(ObjectPropertyBase.java:106)
	at javafx.base@21.0.2/javafx.beans.property.ObjectPropertyBase.markInvalid(ObjectPropertyBase.java:113)
	at javafx.base@21.0.2/javafx.beans.property.ObjectPropertyBase.set(ObjectPropertyBase.java:147)
	at javafx.controls@21.0.2/javafx.scene.control.ComboBoxBase.setValue(ComboBoxBase.java:151)
	at javafx.controls@21.0.2/javafx.scene.control.ComboBox.updateValue(ComboBox.java:522)
	at javafx.controls@21.0.2/javafx.scene.control.ComboBox$3.changed(ComboBox.java:505)
	at javafx.base@21.0.2/com.sun.javafx.binding.ExpressionHelper$Generic.fireValueChangedEvent(ExpressionHelper.java:372)
	at javafx.base@21.0.2/com.sun.javafx.binding.ExpressionHelper.fireValueChangedEvent(ExpressionHelper.java:91)
	at javafx.base@21.0.2/javafx.beans.property.ReadOnlyObjectPropertyBase.fireValueChangedEvent(ReadOnlyObjectPropertyBase.java:80)
	at javafx.base@21.0.2/javafx.beans.property.ReadOnlyObjectWrapper.fireValueChangedEvent(ReadOnlyObjectWrapper.java:102)
	at javafx.base@21.0.2/javafx.beans.property.ObjectPropertyBase.markInvalid(ObjectPropertyBase.java:113)
	at javafx.base@21.0.2/javafx.beans.property.ObjectPropertyBase.set(ObjectPropertyBase.java:147)
	at javafx.controls@21.0.2/javafx.scene.control.SelectionModel.setSelectedItem(SelectionModel.java:105)
	at javafx.controls@21.0.2/javafx.scene.control.ComboBox$ComboBoxSelectionModel.lambda$new$0(ComboBox.java:562)
	at javafx.base@21.0.2/com.sun.javafx.binding.ExpressionHelper$SingleInvalidation.fireValueChangedEvent(ExpressionHelper.java:147)
	at javafx.base@21.0.2/com.sun.javafx.binding.ExpressionHelper.fireValueChangedEvent(ExpressionHelper.java:91)
	at javafx.base@21.0.2/javafx.beans.property.ReadOnlyIntegerPropertyBase.fireValueChangedEvent(ReadOnlyIntegerPropertyBase.java:78)
	at javafx.base@21.0.2/javafx.beans.property.ReadOnlyIntegerWrapper.fireValueChangedEvent(ReadOnlyIntegerWrapper.java:102)
	at javafx.base@21.0.2/javafx.beans.property.IntegerPropertyBase.markInvalid(IntegerPropertyBase.java:114)
	at javafx.base@21.0.2/javafx.beans.property.IntegerPropertyBase.set(IntegerPropertyBase.java:148)
	at javafx.controls@21.0.2/javafx.scene.control.SelectionModel.setSelectedIndex(SelectionModel.java:69)
	at javafx.controls@21.0.2/javafx.scene.control.ComboBox$ComboBoxSelectionModel$2.onChanged(ComboBox.java:593)
	at javafx.base@21.0.2/javafx.collections.WeakListChangeListener.onChanged(WeakListChangeListener.java:88)
	at javafx.base@21.0.2/com.sun.javafx.collections.ListListenerHelper$Generic.fireValueChangedEvent(ListListenerHelper.java:327)
	at javafx.base@21.0.2/com.sun.javafx.collections.ListListenerHelper.fireValueChangedEvent(ListListenerHelper.java:71)
	at javafx.base@21.0.2/javafx.collections.ObservableListBase.fireChange(ObservableListBase.java:246)
	at javafx.base@21.0.2/javafx.collections.ListChangeBuilder.commit(ListChangeBuilder.java:482)
	at javafx.base@21.0.2/javafx.collections.ListChangeBuilder.endChange(ListChangeBuilder.java:541)
	at javafx.base@21.0.2/javafx.collections.ObservableListBase.endChange(ObservableListBase.java:210)
	at javafx.base@21.0.2/com.sun.javafx.collections.ObservableListWrapper.clear(ObservableListWrapper.java:157)
	at pkg.vms@1.0-SNAPSHOT/pkg.vms.controller.BranchController.loadCompanies(BranchController.java:250)
	at pkg.vms@1.0-SNAPSHOT/pkg.vms.controller.BranchController.lambda$initialize$6(BranchController.java:92)
	at java.base/java.lang.Thread.run(Thread.java:1583)

Uncaught on thread Thread-10:
java.lang.IllegalStateException: This operation is permitted on the event thread only; currentThread = Thread-10
	at javafx.graphics@21.0.2/com.sun.glass.ui.Application.checkEventThread(Application.java:447)
	at javafx.graphics@21.0.2/com.sun.glass.ui.View.getNativeView(View.java:451)
	at javafx.graphics@21.0.2/com.sun.glass.ui.win.WinAccessible.get_HostRawElementProvider(WinAccessible.java:706)
	at javafx.graphics@21.0.2/com.sun.glass.ui.win.WinAccessible.UiaRaiseAutomationPropertyChangedEvent(Native Method)
	at javafx.graphics@21.0.2/com.sun.glass.ui.win.WinAccessible.sendNotification(WinAccessible.java:370)
	at javafx.graphics@21.0.2/javafx.scene.Node.notifyAccessibleAttributeChanged(Node.java:10004)
	at javafx.controls@21.0.2/javafx.scene.control.skin.ComboBoxListViewSkin.lambda$createListView$10(ComboBoxListViewSkin.java:573)
	at javafx.base@21.0.2/com.sun.javafx.binding.ExpressionHelper$Generic.fireValueChangedEvent(ExpressionHelper.java:360)
	at javafx.base@21.0.2/com.sun.javafx.binding.ExpressionHelper.fireValueChangedEvent(ExpressionHelper.java:91)
	at javafx.base@21.0.2/javafx.beans.property.ReadOnlyIntegerPropertyBase.fireValueChangedEvent(ReadOnlyIntegerPropertyBase.java:78)
	at javafx.base@21.0.2/javafx.beans.property.ReadOnlyIntegerWrapper.fireValueChangedEvent(ReadOnlyIntegerWrapper.java:102)
	at javafx.base@21.0.2/javafx.beans.property.IntegerPropertyBase.markInvalid(IntegerPropertyBase.java:114)
	at javafx.base@21.0.2/javafx.beans.property.IntegerPropertyBase.set(IntegerPropertyBase.java:148)
	at javafx.controls@21.0.2/javafx.scene.control.SelectionModel.setSelectedIndex(SelectionModel.java:69)
	at javafx.controls@21.0.2/javafx.scene.control.MultipleSelectionModelBase.clearSelection(MultipleSelectionModelBase.java:574)
	at javafx.controls@21.0.2/javafx.scene.control.skin.ComboBoxListViewSkin.updateValue(ComboBoxListViewSkin.java:419)
	at javafx.controls@21.0.2/javafx.scene.control.skin.ComboBoxListViewSkin.lambda$new$7(ComboBoxListViewSkin.java:186)
	at javafx.controls@21.0.2/com.sun.javafx.scene.control.ListenerHelper$4.changed(ListenerHelper.java:219)
	at javafx.base@21.0.2/com.sun.javafx.binding.ExpressionHelper$Generic.fireValueChangedEvent(ExpressionHelper.java:372)
	at javafx.base@21.0.2/com.sun.javafx.binding.ExpressionHelper.fireValueChangedEvent(ExpressionHelper.java:91)
	at javafx.base@21.0.2/javafx.beans.property.ObjectPropertyBase.fireValueChangedEvent(ObjectPropertyBase.java:106)
	at javafx.base@21.0.2/javafx.beans.property.ObjectPropertyBase.markInvalid(ObjectPropertyBase.java:113)
	at javafx.base@21.0.2/javafx.beans.property.ObjectPropertyBase.set(ObjectPropertyBase.java:147)
	at javafx.controls@21.0.2/javafx.scene.control.ComboBoxBase.setValue(ComboBoxBase.java:151)
	at javafx.controls@21.0.2/javafx.scene.control.ComboBox.updateValue(ComboBox.java:522)
	at javafx.controls@21.0.2/javafx.scene.control.ComboBox$3.changed(ComboBox.java:505)
	at javafx.base@21.0.2/com.sun.javafx.binding.ExpressionHelper$Generic.fireValueChangedEvent(ExpressionHelper.java:372)
	at javafx.base@21.0.2/com.sun.javafx.binding.ExpressionHelper.fireValueChangedEvent(ExpressionHelper.java:91)
	at javafx.base@21.0.2/javafx.beans.property.ReadOnlyObjectPropertyBase.fireValueChangedEvent(ReadOnlyObjectPropertyBase.java:80)
	at javafx.base@21.0.2/javafx.beans.property.ReadOnlyObjectWrapper.fireValueChangedEvent(ReadOnlyObjectWrapper.java:102)
	at javafx.base@21.0.2/javafx.beans.property.ObjectPropertyBase.markInvalid(ObjectPropertyBase.java:113)
	at javafx.base@21.0.2/javafx.beans.property.ObjectPropertyBase.set(ObjectPropertyBase.java:147)
	at javafx.controls@21.0.2/javafx.scene.control.SelectionModel.setSelectedItem(SelectionModel.java:105)
	at javafx.controls@21.0.2/javafx.scene.control.ComboBox$ComboBoxSelectionModel.lambda$new$0(ComboBox.java:562)
	at javafx.base@21.0.2/com.sun.javafx.binding.ExpressionHelper$SingleInvalidation.fireValueChangedEvent(ExpressionHelper.java:147)
	at javafx.base@21.0.2/com.sun.javafx.binding.ExpressionHelper.fireValueChangedEvent(ExpressionHelper.java:91)
	at javafx.base@21.0.2/javafx.beans.property.ReadOnlyIntegerPropertyBase.fireValueChangedEvent(ReadOnlyIntegerPropertyBase.java:78)
	at javafx.base@21.0.2/javafx.beans.property.ReadOnlyIntegerWrapper.fireValueChangedEvent(ReadOnlyIntegerWrapper.java:102)
	at javafx.base@21.0.2/javafx.beans.property.IntegerPropertyBase.markInvalid(IntegerPropertyBase.java:114)
	at javafx.base@21.0.2/javafx.beans.property.IntegerPropertyBase.set(IntegerPropertyBase.java:148)
	at javafx.controls@21.0.2/javafx.scene.control.SelectionModel.setSelectedIndex(SelectionModel.java:69)
	at javafx.controls@21.0.2/javafx.scene.control.ComboBox$ComboBoxSelectionModel$2.onChanged(ComboBox.java:593)
	at javafx.base@21.0.2/javafx.collections.WeakListChangeListener.onChanged(WeakListChangeListener.java:88)
	at javafx.base@21.0.2/com.sun.javafx.collections.ListListenerHelper$Generic.fireValueChangedEvent(ListListenerHelper.java:327)
	at javafx.base@21.0.2/com.sun.javafx.collections.ListListenerHelper.fireValueChangedEvent(ListListenerHelper.java:71)
	at javafx.base@21.0.2/javafx.collections.ObservableListBase.fireChange(ObservableListBase.java:246)
	at javafx.base@21.0.2/javafx.collections.ListChangeBuilder.commit(ListChangeBuilder.java:482)
	at javafx.base@21.0.2/javafx.collections.ListChangeBuilder.endChange(ListChangeBuilder.java:541)
	at javafx.base@21.0.2/javafx.collections.ObservableListBase.endChange(ObservableListBase.java:210)
	at javafx.base@21.0.2/com.sun.javafx.collections.ObservableListWrapper.clear(ObservableListWrapper.java:157)
	at pkg.vms@1.0-SNAPSHOT/pkg.vms.controller.BranchController.loadCompanies(BranchController.java:250)
	at pkg.vms@1.0-SNAPSHOT/pkg.vms.controller.BranchController.lambda$initialize$6(BranchController.java:92)
	at java.base/java.lang.Thread.run(Thread.java:1583)

Uncaught on thread Thread-10:
java.lang.IllegalStateException: Not on FX application thread; currentThread = Thread-10
	at javafx.graphics@21.0.2/com.sun.javafx.tk.Toolkit.checkFxUserThread(Toolkit.java:294)
	at javafx.graphics@21.0.2/com.sun.javafx.tk.quantum.QuantumToolkit.checkFxUserThread(QuantumToolkit.java:475)
	at javafx.graphics@21.0.2/javafx.scene.Parent$3.onProposedChange(Parent.java:475)
	at javafx.base@21.0.2/com.sun.javafx.collections.VetoableListDecorator.setAll(VetoableListDecorator.java:116)
	at javafx.base@21.0.2/com.sun.javafx.collections.VetoableListDecorator.setAll(VetoableListDecorator.java:110)
	at javafx.controls@21.0.2/javafx.scene.control.skin.LabeledSkinBase.updateChildren(LabeledSkinBase.java:282)
	at javafx.controls@21.0.2/javafx.scene.control.skin.LabeledSkinBase.lambda$new$11(LabeledSkinBase.java:219)
	at javafx.controls@21.0.2/com.sun.javafx.scene.control.LambdaMultiplePropertyChangeListenerHandler.lambda$new$1(LambdaMultiplePropertyChangeListenerHandler.java:88)
	at javafx.base@21.0.2/javafx.beans.value.WeakChangeListener.changed(WeakChangeListener.java:86)
	at javafx.base@21.0.2/com.sun.javafx.binding.ExpressionHelper$SingleChange.fireValueChangedEvent(ExpressionHelper.java:192)
	at javafx.base@21.0.2/com.sun.javafx.binding.ExpressionHelper.fireValueChangedEvent(ExpressionHelper.java:91)
	at javafx.base@21.0.2/javafx.beans.property.StringPropertyBase.fireValueChangedEvent(StringPropertyBase.java:104)
	at javafx.base@21.0.2/javafx.beans.property.StringPropertyBase.markInvalid(StringPropertyBase.java:111)
	at javafx.base@21.0.2/javafx.beans.property.StringPropertyBase.set(StringPropertyBase.java:145)
	at javafx.base@21.0.2/javafx.beans.property.StringPropertyBase.set(StringPropertyBase.java:50)
	at javafx.base@21.0.2/javafx.beans.property.StringProperty.setValue(StringProperty.java:71)
	at javafx.controls@21.0.2/javafx.scene.control.Labeled.setText(Labeled.java:147)
	at javafx.controls@21.0.2/javafx.scene.control.skin.ComboBoxListViewSkin.updateDisplayText(ComboBoxListViewSkin.java:470)
	at javafx.controls@21.0.2/javafx.scene.control.skin.ComboBoxListViewSkin$2$1.updateItem(ComboBoxListViewSkin.java:506)
	at javafx.controls@21.0.2/javafx.scene.control.ListCell.updateItem(ListCell.java:485)
	at javafx.controls@21.0.2/javafx.scene.control.ListCell.indexChanged(ListCell.java:337)
	at javafx.controls@21.0.2/javafx.scene.control.IndexedCell$1.invalidated(IndexedCell.java:85)
	at javafx.base@21.0.2/javafx.beans.property.IntegerPropertyBase.markInvalid(IntegerPropertyBase.java:113)
	at javafx.base@21.0.2/javafx.beans.property.IntegerPropertyBase.set(IntegerPropertyBase.java:148)
	at javafx.controls@21.0.2/javafx.scene.control.IndexedCell.updateIndex(IndexedCell.java:130)
	at javafx.controls@21.0.2/javafx.scene.control.skin.ComboBoxListViewSkin.updateDisplayNode(ComboBoxListViewSkin.java:358)
	at javafx.controls@21.0.2/javafx.scene.control.skin.ComboBoxListViewSkin.getDisplayNode(ComboBoxListViewSkin.java:268)
	at javafx.controls@21.0.2/javafx.scene.control.skin.ComboBoxBaseSkin.updateDisplayArea(ComboBoxBaseSkin.java:296)
	at javafx.controls@21.0.2/javafx.scene.control.skin.ComboBoxBaseSkin.lambda$new$7(ComboBoxBaseSkin.java:140)
	at javafx.controls@21.0.2/com.sun.javafx.scene.control.ListenerHelper$4.changed(ListenerHelper.java:219)
	at javafx.base@21.0.2/com.sun.javafx.binding.ExpressionHelper$Generic.fireValueChangedEvent(ExpressionHelper.java:372)
	at javafx.base@21.0.2/com.sun.javafx.binding.ExpressionHelper.fireValueChangedEvent(ExpressionHelper.java:91)
	at javafx.base@21.0.2/javafx.beans.property.ObjectPropertyBase.fireValueChangedEvent(ObjectPropertyBase.java:106)
	at javafx.base@21.0.2/javafx.beans.property.ObjectPropertyBase.markInvalid(ObjectPropertyBase.java:113)
	at javafx.base@21.0.2/javafx.beans.property.ObjectPropertyBase.set(ObjectPropertyBase.java:147)
	at javafx.controls@21.0.2/javafx.scene.control.ComboBoxBase.setValue(ComboBoxBase.java:151)
	at pkg.vms@1.0-SNAPSHOT/pkg.vms.controller.BranchController.loadCompanies(BranchController.java:252)
	at pkg.vms@1.0-SNAPSHOT/pkg.vms.controller.BranchController.lambda$initialize$6(BranchController.java:92)
	at java.base/java.lang.Thread.run(Thread.java:1583)

Uncaught on thread Thread-10:
java.lang.IllegalStateException: This operation is permitted on the event thread only; currentThread = Thread-10
	at javafx.graphics@21.0.2/com.sun.glass.ui.Application.checkEventThread(Application.java:447)
	at javafx.graphics@21.0.2/com.sun.glass.ui.View.getNativeView(View.java:451)
	at javafx.graphics@21.0.2/com.sun.glass.ui.win.WinAccessible.get_HostRawElementProvider(WinAccessible.java:706)
	at javafx.graphics@21.0.2/com.sun.glass.ui.win.WinAccessible.UiaRaiseAutomationPropertyChangedEvent(Native Method)
	at javafx.graphics@21.0.2/com.sun.glass.ui.win.WinAccessible.sendNotification(WinAccessible.java:370)
	at javafx.graphics@21.0.2/javafx.scene.Node.notifyAccessibleAttributeChanged(Node.java:10004)
	at javafx.controls@21.0.2/javafx.scene.control.skin.ComboBoxListViewSkin.lambda$createListView$10(ComboBoxListViewSkin.java:573)
	at javafx.base@21.0.2/com.sun.javafx.binding.ExpressionHelper$Generic.fireValueChangedEvent(ExpressionHelper.java:360)
	at javafx.base@21.0.2/com.sun.javafx.binding.ExpressionHelper.fireValueChangedEvent(ExpressionHelper.java:91)
	at javafx.base@21.0.2/javafx.beans.property.ReadOnlyIntegerPropertyBase.fireValueChangedEvent(ReadOnlyIntegerPropertyBase.java:78)
	at javafx.base@21.0.2/javafx.beans.property.ReadOnlyIntegerWrapper.fireValueChangedEvent(ReadOnlyIntegerWrapper.java:102)
	at javafx.base@21.0.2/javafx.beans.property.IntegerPropertyBase.markInvalid(IntegerPropertyBase.java:114)
	at javafx.base@21.0.2/javafx.beans.property.IntegerPropertyBase.set(IntegerPropertyBase.java:148)
	at javafx.controls@21.0.2/javafx.scene.control.SelectionModel.setSelectedIndex(SelectionModel.java:69)
	at javafx.controls@21.0.2/javafx.scene.control.MultipleSelectionModelBase.select(MultipleSelectionModelBase.java:424)
	at javafx.controls@21.0.2/javafx.scene.control.skin.ComboBoxListViewSkin.updateValue(ComboBoxListViewSkin.java:430)
	at javafx.controls@21.0.2/javafx.scene.control.skin.ComboBoxListViewSkin.lambda$new$7(ComboBoxListViewSkin.java:186)
	at javafx.controls@21.0.2/com.sun.javafx.scene.control.ListenerHelper$4.changed(ListenerHelper.java:219)
	at javafx.base@21.0.2/com.sun.javafx.binding.ExpressionHelper$Generic.fireValueChangedEvent(ExpressionHelper.java:372)
	at javafx.base@21.0.2/com.sun.javafx.binding.ExpressionHelper.fireValueChangedEvent(ExpressionHelper.java:91)
	at javafx.base@21.0.2/javafx.beans.property.ObjectPropertyBase.fireValueChangedEvent(ObjectPropertyBase.java:106)
	at javafx.base@21.0.2/javafx.beans.property.ObjectPropertyBase.markInvalid(ObjectPropertyBase.java:113)
	at javafx.base@21.0.2/javafx.beans.property.ObjectPropertyBase.set(ObjectPropertyBase.java:147)
	at javafx.controls@21.0.2/javafx.scene.control.ComboBoxBase.setValue(ComboBoxBase.java:151)
	at pkg.vms@1.0-SNAPSHOT/pkg.vms.controller.BranchController.loadCompanies(BranchController.java:252)
	at pkg.vms@1.0-SNAPSHOT/pkg.vms.controller.BranchController.lambda$initialize$6(BranchController.java:92)
	at java.base/java.lang.Thread.run(Thread.java:1583)

Uncaught on thread Thread-12:
java.lang.IllegalStateException: Not on FX application thread; currentThread = Thread-12
	at javafx.graphics@21.0.2/com.sun.javafx.tk.Toolkit.checkFxUserThread(Toolkit.java:294)
	at javafx.graphics@21.0.2/com.sun.javafx.tk.quantum.QuantumToolkit.checkFxUserThread(QuantumToolkit.java:475)
	at javafx.graphics@21.0.2/javafx.scene.Parent$3.onProposedChange(Parent.java:475)
	at javafx.base@21.0.2/com.sun.javafx.collections.VetoableListDecorator.setAll(VetoableListDecorator.java:116)
	at javafx.base@21.0.2/com.sun.javafx.collections.VetoableListDecorator.setAll(VetoableListDecorator.java:110)
	at javafx.controls@21.0.2/javafx.scene.control.skin.LabeledSkinBase.updateChildren(LabeledSkinBase.java:282)
	at javafx.controls@21.0.2/javafx.scene.control.skin.LabeledSkinBase.lambda$new$11(LabeledSkinBase.java:219)
	at javafx.controls@21.0.2/com.sun.javafx.scene.control.LambdaMultiplePropertyChangeListenerHandler.lambda$new$1(LambdaMultiplePropertyChangeListenerHandler.java:88)
	at javafx.base@21.0.2/javafx.beans.value.WeakChangeListener.changed(WeakChangeListener.java:86)
	at javafx.base@21.0.2/com.sun.javafx.binding.ExpressionHelper$SingleChange.fireValueChangedEvent(ExpressionHelper.java:192)
	at javafx.base@21.0.2/com.sun.javafx.binding.ExpressionHelper.fireValueChangedEvent(ExpressionHelper.java:91)
	at javafx.base@21.0.2/javafx.beans.property.StringPropertyBase.fireValueChangedEvent(StringPropertyBase.java:104)
	at javafx.base@21.0.2/javafx.beans.property.StringPropertyBase.markInvalid(StringPropertyBase.java:111)
	at javafx.base@21.0.2/javafx.beans.property.StringPropertyBase.set(StringPropertyBase.java:145)
	at javafx.base@21.0.2/javafx.beans.property.StringPropertyBase.set(StringPropertyBase.java:50)
	at javafx.base@21.0.2/javafx.beans.property.StringProperty.setValue(StringProperty.java:71)
	at javafx.controls@21.0.2/javafx.scene.control.Labeled.setText(Labeled.java:147)
	at javafx.controls@21.0.2/javafx.scene.control.skin.ComboBoxListViewSkin.updateDisplayText(ComboBoxListViewSkin.java:454)
	at javafx.controls@21.0.2/javafx.scene.control.skin.ComboBoxListViewSkin$2$1.updateItem(ComboBoxListViewSkin.java:506)
	at javafx.controls@21.0.2/javafx.scene.control.ListCell.updateItem(ListCell.java:494)
	at javafx.controls@21.0.2/javafx.scene.control.ListCell.indexChanged(ListCell.java:337)
	at javafx.controls@21.0.2/javafx.scene.control.IndexedCell$1.invalidated(IndexedCell.java:85)
	at javafx.base@21.0.2/javafx.beans.property.IntegerPropertyBase.markInvalid(IntegerPropertyBase.java:113)
	at javafx.base@21.0.2/javafx.beans.property.IntegerPropertyBase.set(IntegerPropertyBase.java:148)
	at javafx.controls@21.0.2/javafx.scene.control.IndexedCell.updateIndex(IndexedCell.java:130)
	at javafx.controls@21.0.2/javafx.scene.control.skin.ComboBoxListViewSkin.updateDisplayNode(ComboBoxListViewSkin.java:362)
	at javafx.controls@21.0.2/javafx.scene.control.skin.ComboBoxListViewSkin.getDisplayNode(ComboBoxListViewSkin.java:268)
	at javafx.controls@21.0.2/javafx.scene.control.skin.ComboBoxBaseSkin.updateDisplayArea(ComboBoxBaseSkin.java:296)
	at javafx.controls@21.0.2/javafx.scene.control.skin.ComboBoxBaseSkin.lambda$new$7(ComboBoxBaseSkin.java:140)
	at javafx.controls@21.0.2/com.sun.javafx.scene.control.ListenerHelper$4.changed(ListenerHelper.java:219)
	at javafx.base@21.0.2/com.sun.javafx.binding.ExpressionHelper$Generic.fireValueChangedEvent(ExpressionHelper.java:372)
	at javafx.base@21.0.2/com.sun.javafx.binding.ExpressionHelper.fireValueChangedEvent(ExpressionHelper.java:91)
	at javafx.base@21.0.2/javafx.beans.property.ObjectPropertyBase.fireValueChangedEvent(ObjectPropertyBase.java:106)
	at javafx.base@21.0.2/javafx.beans.property.ObjectPropertyBase.markInvalid(ObjectPropertyBase.java:113)
	at javafx.base@21.0.2/javafx.beans.property.ObjectPropertyBase.set(ObjectPropertyBase.java:147)
	at javafx.controls@21.0.2/javafx.scene.control.ComboBoxBase.setValue(ComboBoxBase.java:151)
	at javafx.controls@21.0.2/javafx.scene.control.ComboBox.updateValue(ComboBox.java:522)
	at javafx.controls@21.0.2/javafx.scene.control.ComboBox$3.changed(ComboBox.java:505)
	at javafx.base@21.0.2/com.sun.javafx.binding.ExpressionHelper$Generic.fireValueChangedEvent(ExpressionHelper.java:372)
	at javafx.base@21.0.2/com.sun.javafx.binding.ExpressionHelper.fireValueChangedEvent(ExpressionHelper.java:91)
	at javafx.base@21.0.2/javafx.beans.property.ReadOnlyObjectPropertyBase.fireValueChangedEvent(ReadOnlyObjectPropertyBase.java:80)
	at javafx.base@21.0.2/javafx.beans.property.ReadOnlyObjectWrapper.fireValueChangedEvent(ReadOnlyObjectWrapper.java:102)
	at javafx.base@21.0.2/javafx.beans.property.ObjectPropertyBase.markInvalid(ObjectPropertyBase.java:113)
	at javafx.base@21.0.2/javafx.beans.property.ObjectPropertyBase.set(ObjectPropertyBase.java:147)
	at javafx.controls@21.0.2/javafx.scene.control.SelectionModel.setSelectedItem(SelectionModel.java:105)
	at javafx.controls@21.0.2/javafx.scene.control.ComboBox$ComboBoxSelectionModel.lambda$new$0(ComboBox.java:562)
	at javafx.base@21.0.2/com.sun.javafx.binding.ExpressionHelper$SingleInvalidation.fireValueChangedEvent(ExpressionHelper.java:147)
	at javafx.base@21.0.2/com.sun.javafx.binding.ExpressionHelper.fireValueChangedEvent(ExpressionHelper.java:91)
	at javafx.base@21.0.2/javafx.beans.property.ReadOnlyIntegerPropertyBase.fireValueChangedEvent(ReadOnlyIntegerPropertyBase.java:78)
	at javafx.base@21.0.2/javafx.beans.property.ReadOnlyIntegerWrapper.fireValueChangedEvent(ReadOnlyIntegerWrapper.java:102)
	at javafx.base@21.0.2/javafx.beans.property.IntegerPropertyBase.markInvalid(IntegerPropertyBase.java:114)
	at javafx.base@21.0.2/javafx.beans.property.IntegerPropertyBase.set(IntegerPropertyBase.java:148)
	at javafx.controls@21.0.2/javafx.scene.control.SelectionModel.setSelectedIndex(SelectionModel.java:69)
	at javafx.controls@21.0.2/javafx.scene.control.ComboBox$ComboBoxSelectionModel$2.onChanged(ComboBox.java:593)
	at javafx.base@21.0.2/javafx.collections.WeakListChangeListener.onChanged(WeakListChangeListener.java:88)
	at javafx.base@21.0.2/com.sun.javafx.collections.ListListenerHelper$Generic.fireValueChangedEvent(ListListenerHelper.java:327)
	at javafx.base@21.0.2/com.sun.javafx.collections.ListListenerHelper.fireValueChangedEvent(ListListenerHelper.java:71)
	at javafx.base@21.0.2/javafx.collections.ObservableListBase.fireChange(ObservableListBase.java:246)
	at javafx.base@21.0.2/javafx.collections.ListChangeBuilder.commit(ListChangeBuilder.java:482)
	at javafx.base@21.0.2/javafx.collections.ListChangeBuilder.endChange(ListChangeBuilder.java:541)
	at javafx.base@21.0.2/javafx.collections.ObservableListBase.endChange(ObservableListBase.java:210)
	at javafx.base@21.0.2/com.sun.javafx.collections.ObservableListWrapper.clear(ObservableListWrapper.java:157)
	at pkg.vms@1.0-SNAPSHOT/pkg.vms.controller.BranchController.loadCompanies(BranchController.java:250)
	at pkg.vms@1.0-SNAPSHOT/pkg.vms.controller.BranchController.lambda$initialize$6(BranchController.java:92)
	at java.base/java.lang.Thread.run(Thread.java:1583)

Uncaught on thread Thread-12:
java.lang.IllegalStateException: Not on FX application thread; currentThread = Thread-12
	at javafx.graphics@21.0.2/com.sun.javafx.tk.Toolkit.checkFxUserThread(Toolkit.java:294)
	at javafx.graphics@21.0.2/com.sun.javafx.tk.quantum.QuantumToolkit.checkFxUserThread(QuantumToolkit.java:475)
	at javafx.graphics@21.0.2/javafx.scene.Parent$3.onProposedChange(Parent.java:475)
	at javafx.base@21.0.2/com.sun.javafx.collections.VetoableListDecorator.setAll(VetoableListDecorator.java:116)
	at javafx.base@21.0.2/com.sun.javafx.collections.VetoableListDecorator.setAll(VetoableListDecorator.java:110)
	at javafx.controls@21.0.2/javafx.scene.control.skin.LabeledSkinBase.updateChildren(LabeledSkinBase.java:282)
	at javafx.controls@21.0.2/javafx.scene.control.skin.LabeledSkinBase.lambda$new$11(LabeledSkinBase.java:219)
	at javafx.controls@21.0.2/com.sun.javafx.scene.control.LambdaMultiplePropertyChangeListenerHandler.lambda$new$1(LambdaMultiplePropertyChangeListenerHandler.java:88)
	at javafx.base@21.0.2/javafx.beans.value.WeakChangeListener.changed(WeakChangeListener.java:86)
	at javafx.base@21.0.2/com.sun.javafx.binding.ExpressionHelper$SingleChange.fireValueChangedEvent(ExpressionHelper.java:192)
	at javafx.base@21.0.2/com.sun.javafx.binding.ExpressionHelper.fireValueChangedEvent(ExpressionHelper.java:91)
	at javafx.base@21.0.2/javafx.beans.property.StringPropertyBase.fireValueChangedEvent(StringPropertyBase.java:104)
	at javafx.base@21.0.2/javafx.beans.property.StringPropertyBase.markInvalid(StringPropertyBase.java:111)
	at javafx.base@21.0.2/javafx.beans.property.StringPropertyBase.set(StringPropertyBase.java:145)
	at javafx.base@21.0.2/javafx.beans.property.StringPropertyBase.set(StringPropertyBase.java:50)
	at javafx.base@21.0.2/javafx.beans.property.StringProperty.setValue(StringProperty.java:71)
	at javafx.controls@21.0.2/javafx.scene.control.Labeled.setText(Labeled.java:147)
	at javafx.controls@21.0.2/javafx.scene.control.skin.ComboBoxListViewSkin.updateDisplayText(ComboBoxListViewSkin.java:470)
	at javafx.controls@21.0.2/javafx.scene.control.skin.ComboBoxListViewSkin.updateDisplayNode(ComboBoxListViewSkin.java:363)
	at javafx.controls@21.0.2/javafx.scene.control.skin.ComboBoxListViewSkin.getDisplayNode(ComboBoxListViewSkin.java:268)
	at javafx.controls@21.0.2/javafx.scene.control.skin.ComboBoxBaseSkin.updateDisplayArea(ComboBoxBaseSkin.java:296)
	at javafx.controls@21.0.2/javafx.scene.control.skin.ComboBoxBaseSkin.lambda$new$7(ComboBoxBaseSkin.java:140)
	at javafx.controls@21.0.2/com.sun.javafx.scene.control.ListenerHelper$4.changed(ListenerHelper.java:219)
	at javafx.base@21.0.2/com.sun.javafx.binding.ExpressionHelper$Generic.fireValueChangedEvent(ExpressionHelper.java:372)
	at javafx.base@21.0.2/com.sun.javafx.binding.ExpressionHelper.fireValueChangedEvent(ExpressionHelper.java:91)
	at javafx.base@21.0.2/javafx.beans.property.ObjectPropertyBase.fireValueChangedEvent(ObjectPropertyBase.java:106)
	at javafx.base@21.0.2/javafx.beans.property.ObjectPropertyBase.markInvalid(ObjectPropertyBase.java:113)
	at javafx.base@21.0.2/javafx.beans.property.ObjectPropertyBase.set(ObjectPropertyBase.java:147)
	at javafx.controls@21.0.2/javafx.scene.control.ComboBoxBase.setValue(ComboBoxBase.java:151)
	at javafx.controls@21.0.2/javafx.scene.control.ComboBox.updateValue(ComboBox.java:522)
	at javafx.controls@21.0.2/javafx.scene.control.ComboBox$3.changed(ComboBox.java:505)
	at javafx.base@21.0.2/com.sun.javafx.binding.ExpressionHelper$Generic.fireValueChangedEvent(ExpressionHelper.java:372)
	at javafx.base@21.0.2/com.sun.javafx.binding.ExpressionHelper.fireValueChangedEvent(ExpressionHelper.java:91)
	at javafx.base@21.0.2/javafx.beans.property.ReadOnlyObjectPropertyBase.fireValueChangedEvent(ReadOnlyObjectPropertyBase.java:80)
	at javafx.base@21.0.2/javafx.beans.property.ReadOnlyObjectWrapper.fireValueChangedEvent(ReadOnlyObjectWrapper.java:102)
	at javafx.base@21.0.2/javafx.beans.property.ObjectPropertyBase.markInvalid(ObjectPropertyBase.java:113)
	at javafx.base@21.0.2/javafx.beans.property.ObjectPropertyBase.set(ObjectPropertyBase.java:147)
	at javafx.controls@21.0.2/javafx.scene.control.SelectionModel.setSelectedItem(SelectionModel.java:105)
	at javafx.controls@21.0.2/javafx.scene.control.ComboBox$ComboBoxSelectionModel.lambda$new$0(ComboBox.java:562)
	at javafx.base@21.0.2/com.sun.javafx.binding.ExpressionHelper$SingleInvalidation.fireValueChangedEvent(ExpressionHelper.java:147)
	at javafx.base@21.0.2/com.sun.javafx.binding.ExpressionHelper.fireValueChangedEvent(ExpressionHelper.java:91)
	at javafx.base@21.0.2/javafx.beans.property.ReadOnlyIntegerPropertyBase.fireValueChangedEvent(ReadOnlyIntegerPropertyBase.java:78)
	at javafx.base@21.0.2/javafx.beans.property.ReadOnlyIntegerWrapper.fireValueChangedEvent(ReadOnlyIntegerWrapper.java:102)
	at javafx.base@21.0.2/javafx.beans.property.IntegerPropertyBase.markInvalid(IntegerPropertyBase.java:114)
	at javafx.base@21.0.2/javafx.beans.property.IntegerPropertyBase.set(IntegerPropertyBase.java:148)
	at javafx.controls@21.0.2/javafx.scene.control.SelectionModel.setSelectedIndex(SelectionModel.java:69)
	at javafx.controls@21.0.2/javafx.scene.control.ComboBox$ComboBoxSelectionModel$2.onChanged(ComboBox.java:593)
	at javafx.base@21.0.2/javafx.collections.WeakListChangeListener.onChanged(WeakListChangeListener.java:88)
	at javafx.base@21.0.2/com.sun.javafx.collections.ListListenerHelper$Generic.fireValueChangedEvent(ListListenerHelper.java:327)
	at javafx.base@21.0.2/com.sun.javafx.collections.ListListenerHelper.fireValueChangedEvent(ListListenerHelper.java:71)
	at javafx.base@21.0.2/javafx.collections.ObservableListBase.fireChange(ObservableListBase.java:246)
	at javafx.base@21.0.2/javafx.collections.ListChangeBuilder.commit(ListChangeBuilder.java:482)
	at javafx.base@21.0.2/javafx.collections.ListChangeBuilder.endChange(ListChangeBuilder.java:541)
	at javafx.base@21.0.2/javafx.collections.ObservableListBase.endChange(ObservableListBase.java:210)
	at javafx.base@21.0.2/com.sun.javafx.collections.ObservableListWrapper.clear(ObservableListWrapper.java:157)
	at pkg.vms@1.0-SNAPSHOT/pkg.vms.controller.BranchController.loadCompanies(BranchController.java:250)
	at pkg.vms@1.0-SNAPSHOT/pkg.vms.controller.BranchController.lambda$initialize$6(BranchController.java:92)
	at java.base/java.lang.Thread.run(Thread.java:1583)

HelloApplication class loaded 2026-03-30T06:21:15.185120100Z
main() entered 2026-03-30T06:21:15.201120600Z
main() 2026-03-30T06:21:15.205121400Z
Uncaught on thread Thread-8:
java.lang.IllegalStateException: Not on FX application thread; currentThread = Thread-8
	at javafx.graphics@21.0.2/com.sun.javafx.tk.Toolkit.checkFxUserThread(Toolkit.java:294)
	at javafx.graphics@21.0.2/com.sun.javafx.tk.quantum.QuantumToolkit.checkFxUserThread(QuantumToolkit.java:475)
	at javafx.graphics@21.0.2/javafx.scene.Parent$3.onProposedChange(Parent.java:475)
	at javafx.base@21.0.2/com.sun.javafx.collections.VetoableListDecorator.setAll(VetoableListDecorator.java:116)
	at javafx.base@21.0.2/com.sun.javafx.collections.VetoableListDecorator.setAll(VetoableListDecorator.java:110)
	at javafx.controls@21.0.2/javafx.scene.control.skin.LabeledSkinBase.updateChildren(LabeledSkinBase.java:282)
	at javafx.controls@21.0.2/javafx.scene.control.skin.LabeledSkinBase.lambda$new$11(LabeledSkinBase.java:219)
	at javafx.controls@21.0.2/com.sun.javafx.scene.control.LambdaMultiplePropertyChangeListenerHandler.lambda$new$1(LambdaMultiplePropertyChangeListenerHandler.java:88)
	at javafx.base@21.0.2/javafx.beans.value.WeakChangeListener.changed(WeakChangeListener.java:86)
	at javafx.base@21.0.2/com.sun.javafx.binding.ExpressionHelper$SingleChange.fireValueChangedEvent(ExpressionHelper.java:192)
	at javafx.base@21.0.2/com.sun.javafx.binding.ExpressionHelper.fireValueChangedEvent(ExpressionHelper.java:91)
	at javafx.base@21.0.2/javafx.beans.property.StringPropertyBase.fireValueChangedEvent(StringPropertyBase.java:104)
	at javafx.base@21.0.2/javafx.beans.property.StringPropertyBase.markInvalid(StringPropertyBase.java:111)
	at javafx.base@21.0.2/javafx.beans.property.StringPropertyBase.set(StringPropertyBase.java:145)
	at javafx.base@21.0.2/javafx.beans.property.StringPropertyBase.set(StringPropertyBase.java:50)
	at javafx.base@21.0.2/javafx.beans.property.StringProperty.setValue(StringProperty.java:71)
	at javafx.controls@21.0.2/javafx.scene.control.Labeled.setText(Labeled.java:147)
	at javafx.controls@21.0.2/javafx.scene.control.skin.ComboBoxListViewSkin.updateDisplayText(ComboBoxListViewSkin.java:454)
	at javafx.controls@21.0.2/javafx.scene.control.skin.ComboBoxListViewSkin$2$1.updateItem(ComboBoxListViewSkin.java:506)
	at javafx.controls@21.0.2/javafx.scene.control.ListCell.updateItem(ListCell.java:494)
	at javafx.controls@21.0.2/javafx.scene.control.ListCell.indexChanged(ListCell.java:337)
	at javafx.controls@21.0.2/javafx.scene.control.IndexedCell$1.invalidated(IndexedCell.java:85)
	at javafx.base@21.0.2/javafx.beans.property.IntegerPropertyBase.markInvalid(IntegerPropertyBase.java:113)
	at javafx.base@21.0.2/javafx.beans.property.IntegerPropertyBase.set(IntegerPropertyBase.java:148)
	at javafx.controls@21.0.2/javafx.scene.control.IndexedCell.updateIndex(IndexedCell.java:130)
	at javafx.controls@21.0.2/javafx.scene.control.skin.ComboBoxListViewSkin.updateDisplayNode(ComboBoxListViewSkin.java:362)
	at javafx.controls@21.0.2/javafx.scene.control.skin.ComboBoxListViewSkin.getDisplayNode(ComboBoxListViewSkin.java:268)
	at javafx.controls@21.0.2/javafx.scene.control.skin.ComboBoxBaseSkin.updateDisplayArea(ComboBoxBaseSkin.java:296)
	at javafx.controls@21.0.2/javafx.scene.control.skin.ComboBoxBaseSkin.lambda$new$7(ComboBoxBaseSkin.java:140)
	at javafx.controls@21.0.2/com.sun.javafx.scene.control.ListenerHelper$4.changed(ListenerHelper.java:219)
	at javafx.base@21.0.2/com.sun.javafx.binding.ExpressionHelper$Generic.fireValueChangedEvent(ExpressionHelper.java:372)
	at javafx.base@21.0.2/com.sun.javafx.binding.ExpressionHelper.fireValueChangedEvent(ExpressionHelper.java:91)
	at javafx.base@21.0.2/javafx.beans.property.ObjectPropertyBase.fireValueChangedEvent(ObjectPropertyBase.java:106)
	at javafx.base@21.0.2/javafx.beans.property.ObjectPropertyBase.markInvalid(ObjectPropertyBase.java:113)
	at javafx.base@21.0.2/javafx.beans.property.ObjectPropertyBase.set(ObjectPropertyBase.java:147)
	at javafx.controls@21.0.2/javafx.scene.control.ComboBoxBase.setValue(ComboBoxBase.java:151)
	at javafx.controls@21.0.2/javafx.scene.control.ComboBox.updateValue(ComboBox.java:522)
	at javafx.controls@21.0.2/javafx.scene.control.ComboBox$3.changed(ComboBox.java:505)
	at javafx.base@21.0.2/com.sun.javafx.binding.ExpressionHelper$Generic.fireValueChangedEvent(ExpressionHelper.java:372)
	at javafx.base@21.0.2/com.sun.javafx.binding.ExpressionHelper.fireValueChangedEvent(ExpressionHelper.java:91)
	at javafx.base@21.0.2/javafx.beans.property.ReadOnlyObjectPropertyBase.fireValueChangedEvent(ReadOnlyObjectPropertyBase.java:80)
	at javafx.base@21.0.2/javafx.beans.property.ReadOnlyObjectWrapper.fireValueChangedEvent(ReadOnlyObjectWrapper.java:102)
	at javafx.base@21.0.2/javafx.beans.property.ObjectPropertyBase.markInvalid(ObjectPropertyBase.java:113)
	at javafx.base@21.0.2/javafx.beans.property.ObjectPropertyBase.set(ObjectPropertyBase.java:147)
	at javafx.controls@21.0.2/javafx.scene.control.SelectionModel.setSelectedItem(SelectionModel.java:105)
	at javafx.controls@21.0.2/javafx.scene.control.ComboBox$ComboBoxSelectionModel.lambda$new$0(ComboBox.java:562)
	at javafx.base@21.0.2/com.sun.javafx.binding.ExpressionHelper$SingleInvalidation.fireValueChangedEvent(ExpressionHelper.java:147)
	at javafx.base@21.0.2/com.sun.javafx.binding.ExpressionHelper.fireValueChangedEvent(ExpressionHelper.java:91)
	at javafx.base@21.0.2/javafx.beans.property.ReadOnlyIntegerPropertyBase.fireValueChangedEvent(ReadOnlyIntegerPropertyBase.java:78)
	at javafx.base@21.0.2/javafx.beans.property.ReadOnlyIntegerWrapper.fireValueChangedEvent(ReadOnlyIntegerWrapper.java:102)
	at javafx.base@21.0.2/javafx.beans.property.IntegerPropertyBase.markInvalid(IntegerPropertyBase.java:114)
	at javafx.base@21.0.2/javafx.beans.property.IntegerPropertyBase.set(IntegerPropertyBase.java:148)
	at javafx.controls@21.0.2/javafx.scene.control.SelectionModel.setSelectedIndex(SelectionModel.java:69)
	at javafx.controls@21.0.2/javafx.scene.control.ComboBox$ComboBoxSelectionModel$2.onChanged(ComboBox.java:593)
	at javafx.base@21.0.2/javafx.collections.WeakListChangeListener.onChanged(WeakListChangeListener.java:88)
	at javafx.base@21.0.2/com.sun.javafx.collections.ListListenerHelper$Generic.fireValueChangedEvent(ListListenerHelper.java:327)
	at javafx.base@21.0.2/com.sun.javafx.collections.ListListenerHelper.fireValueChangedEvent(ListListenerHelper.java:71)
	at javafx.base@21.0.2/javafx.collections.ObservableListBase.fireChange(ObservableListBase.java:246)
	at javafx.base@21.0.2/javafx.collections.ListChangeBuilder.commit(ListChangeBuilder.java:482)
	at javafx.base@21.0.2/javafx.collections.ListChangeBuilder.endChange(ListChangeBuilder.java:541)
	at javafx.base@21.0.2/javafx.collections.ObservableListBase.endChange(ObservableListBase.java:210)
	at javafx.base@21.0.2/com.sun.javafx.collections.ObservableListWrapper.clear(ObservableListWrapper.java:157)
	at pkg.vms@1.0-SNAPSHOT/pkg.vms.controller.BranchController.loadCompanies(BranchController.java:250)
	at pkg.vms@1.0-SNAPSHOT/pkg.vms.controller.BranchController.lambda$initialize$6(BranchController.java:92)
	at java.base/java.lang.Thread.run(Thread.java:1583)

Uncaught on thread Thread-8:
java.lang.IllegalStateException: Not on FX application thread; currentThread = Thread-8
	at javafx.graphics@21.0.2/com.sun.javafx.tk.Toolkit.checkFxUserThread(Toolkit.java:294)
	at javafx.graphics@21.0.2/com.sun.javafx.tk.quantum.QuantumToolkit.checkFxUserThread(QuantumToolkit.java:475)
	at javafx.graphics@21.0.2/javafx.scene.Parent$3.onProposedChange(Parent.java:475)
	at javafx.base@21.0.2/com.sun.javafx.collections.VetoableListDecorator.setAll(VetoableListDecorator.java:116)
	at javafx.base@21.0.2/com.sun.javafx.collections.VetoableListDecorator.setAll(VetoableListDecorator.java:110)
	at javafx.controls@21.0.2/javafx.scene.control.skin.LabeledSkinBase.updateChildren(LabeledSkinBase.java:282)
	at javafx.controls@21.0.2/javafx.scene.control.skin.LabeledSkinBase.lambda$new$11(LabeledSkinBase.java:219)
	at javafx.controls@21.0.2/com.sun.javafx.scene.control.LambdaMultiplePropertyChangeListenerHandler.lambda$new$1(LambdaMultiplePropertyChangeListenerHandler.java:88)
	at javafx.base@21.0.2/javafx.beans.value.WeakChangeListener.changed(WeakChangeListener.java:86)
	at javafx.base@21.0.2/com.sun.javafx.binding.ExpressionHelper$SingleChange.fireValueChangedEvent(ExpressionHelper.java:192)
	at javafx.base@21.0.2/com.sun.javafx.binding.ExpressionHelper.fireValueChangedEvent(ExpressionHelper.java:91)
	at javafx.base@21.0.2/javafx.beans.property.StringPropertyBase.fireValueChangedEvent(StringPropertyBase.java:104)
	at javafx.base@21.0.2/javafx.beans.property.StringPropertyBase.markInvalid(StringPropertyBase.java:111)
	at javafx.base@21.0.2/javafx.beans.property.StringPropertyBase.set(StringPropertyBase.java:145)
	at javafx.base@21.0.2/javafx.beans.property.StringPropertyBase.set(StringPropertyBase.java:50)
	at javafx.base@21.0.2/javafx.beans.property.StringProperty.setValue(StringProperty.java:71)
	at javafx.controls@21.0.2/javafx.scene.control.Labeled.setText(Labeled.java:147)
	at javafx.controls@21.0.2/javafx.scene.control.skin.ComboBoxListViewSkin.updateDisplayText(ComboBoxListViewSkin.java:470)
	at javafx.controls@21.0.2/javafx.scene.control.skin.ComboBoxListViewSkin.updateDisplayNode(ComboBoxListViewSkin.java:363)
	at javafx.controls@21.0.2/javafx.scene.control.skin.ComboBoxListViewSkin.getDisplayNode(ComboBoxListViewSkin.java:268)
	at javafx.controls@21.0.2/javafx.scene.control.skin.ComboBoxBaseSkin.updateDisplayArea(ComboBoxBaseSkin.java:296)
	at javafx.controls@21.0.2/javafx.scene.control.skin.ComboBoxBaseSkin.lambda$new$7(ComboBoxBaseSkin.java:140)
	at javafx.controls@21.0.2/com.sun.javafx.scene.control.ListenerHelper$4.changed(ListenerHelper.java:219)
	at javafx.base@21.0.2/com.sun.javafx.binding.ExpressionHelper$Generic.fireValueChangedEvent(ExpressionHelper.java:372)
	at javafx.base@21.0.2/com.sun.javafx.binding.ExpressionHelper.fireValueChangedEvent(ExpressionHelper.java:91)
	at javafx.base@21.0.2/javafx.beans.property.ObjectPropertyBase.fireValueChangedEvent(ObjectPropertyBase.java:106)
	at javafx.base@21.0.2/javafx.beans.property.ObjectPropertyBase.markInvalid(ObjectPropertyBase.java:113)
	at javafx.base@21.0.2/javafx.beans.property.ObjectPropertyBase.set(ObjectPropertyBase.java:147)
	at javafx.controls@21.0.2/javafx.scene.control.ComboBoxBase.setValue(ComboBoxBase.java:151)
	at javafx.controls@21.0.2/javafx.scene.control.ComboBox.updateValue(ComboBox.java:522)
	at javafx.controls@21.0.2/javafx.scene.control.ComboBox$3.changed(ComboBox.java:505)
	at javafx.base@21.0.2/com.sun.javafx.binding.ExpressionHelper$Generic.fireValueChangedEvent(ExpressionHelper.java:372)
	at javafx.base@21.0.2/com.sun.javafx.binding.ExpressionHelper.fireValueChangedEvent(ExpressionHelper.java:91)
	at javafx.base@21.0.2/javafx.beans.property.ReadOnlyObjectPropertyBase.fireValueChangedEvent(ReadOnlyObjectPropertyBase.java:80)
	at javafx.base@21.0.2/javafx.beans.property.ReadOnlyObjectWrapper.fireValueChangedEvent(ReadOnlyObjectWrapper.java:102)
	at javafx.base@21.0.2/javafx.beans.property.ObjectPropertyBase.markInvalid(ObjectPropertyBase.java:113)
	at javafx.base@21.0.2/javafx.beans.property.ObjectPropertyBase.set(ObjectPropertyBase.java:147)
	at javafx.controls@21.0.2/javafx.scene.control.SelectionModel.setSelectedItem(SelectionModel.java:105)
	at javafx.controls@21.0.2/javafx.scene.control.ComboBox$ComboBoxSelectionModel.lambda$new$0(ComboBox.java:562)
	at javafx.base@21.0.2/com.sun.javafx.binding.ExpressionHelper$SingleInvalidation.fireValueChangedEvent(ExpressionHelper.java:147)
	at javafx.base@21.0.2/com.sun.javafx.binding.ExpressionHelper.fireValueChangedEvent(ExpressionHelper.java:91)
	at javafx.base@21.0.2/javafx.beans.property.ReadOnlyIntegerPropertyBase.fireValueChangedEvent(ReadOnlyIntegerPropertyBase.java:78)
	at javafx.base@21.0.2/javafx.beans.property.ReadOnlyIntegerWrapper.fireValueChangedEvent(ReadOnlyIntegerWrapper.java:102)
	at javafx.base@21.0.2/javafx.beans.property.IntegerPropertyBase.markInvalid(IntegerPropertyBase.java:114)
	at javafx.base@21.0.2/javafx.beans.property.IntegerPropertyBase.set(IntegerPropertyBase.java:148)
	at javafx.controls@21.0.2/javafx.scene.control.SelectionModel.setSelectedIndex(SelectionModel.java:69)
	at javafx.controls@21.0.2/javafx.scene.control.ComboBox$ComboBoxSelectionModel$2.onChanged(ComboBox.java:593)
	at javafx.base@21.0.2/javafx.collections.WeakListChangeListener.onChanged(WeakListChangeListener.java:88)
	at javafx.base@21.0.2/com.sun.javafx.collections.ListListenerHelper$Generic.fireValueChangedEvent(ListListenerHelper.java:327)
	at javafx.base@21.0.2/com.sun.javafx.collections.ListListenerHelper.fireValueChangedEvent(ListListenerHelper.java:71)
	at javafx.base@21.0.2/javafx.collections.ObservableListBase.fireChange(ObservableListBase.java:246)
	at javafx.base@21.0.2/javafx.collections.ListChangeBuilder.commit(ListChangeBuilder.java:482)
	at javafx.base@21.0.2/javafx.collections.ListChangeBuilder.endChange(ListChangeBuilder.java:541)
	at javafx.base@21.0.2/javafx.collections.ObservableListBase.endChange(ObservableListBase.java:210)
	at javafx.base@21.0.2/com.sun.javafx.collections.ObservableListWrapper.clear(ObservableListWrapper.java:157)
	at pkg.vms@1.0-SNAPSHOT/pkg.vms.controller.BranchController.loadCompanies(BranchController.java:250)
	at pkg.vms@1.0-SNAPSHOT/pkg.vms.controller.BranchController.lambda$initialize$6(BranchController.java:92)
	at java.base/java.lang.Thread.run(Thread.java:1583)

HelloApplication class loaded 2026-03-30T07:21:06.635242900Z
main() entered 2026-03-30T07:21:06.676240100Z
main() 2026-03-30T07:21:06.681241300Z
HelloApplication class loaded 2026-03-30T07:40:43.084812600Z
main() entered 2026-03-30T07:40:43.101806600Z
main() 2026-03-30T07:40:43.107807500Z
HelloApplication class loaded 2026-04-09T10:00:43.006948100Z
main() entered 2026-04-09T10:00:43.028946200Z
main() 2026-04-09T10:00:43.033946300Z
HelloApplication class loaded 2026-04-09T10:01:01.351339800Z
main() entered 2026-04-09T10:01:01.399341900Z
main() 2026-04-09T10:01:01.403347400Z
Uncaught on thread Thread-10:
java.lang.IllegalStateException: Not on FX application thread; currentThread = Thread-10
	at javafx.graphics@21.0.2/com.sun.javafx.tk.Toolkit.checkFxUserThread(Toolkit.java:294)
	at javafx.graphics@21.0.2/com.sun.javafx.tk.quantum.QuantumToolkit.checkFxUserThread(QuantumToolkit.java:475)
	at javafx.graphics@21.0.2/javafx.scene.Parent$3.onProposedChange(Parent.java:475)
	at javafx.base@21.0.2/com.sun.javafx.collections.VetoableListDecorator.setAll(VetoableListDecorator.java:116)
	at javafx.base@21.0.2/com.sun.javafx.collections.VetoableListDecorator.setAll(VetoableListDecorator.java:110)
	at javafx.controls@21.0.2/javafx.scene.control.skin.LabeledSkinBase.updateChildren(LabeledSkinBase.java:282)
	at javafx.controls@21.0.2/javafx.scene.control.skin.LabeledSkinBase.lambda$new$11(LabeledSkinBase.java:219)
	at javafx.controls@21.0.2/com.sun.javafx.scene.control.LambdaMultiplePropertyChangeListenerHandler.lambda$new$1(LambdaMultiplePropertyChangeListenerHandler.java:88)
	at javafx.base@21.0.2/javafx.beans.value.WeakChangeListener.changed(WeakChangeListener.java:86)
	at javafx.base@21.0.2/com.sun.javafx.binding.ExpressionHelper$SingleChange.fireValueChangedEvent(ExpressionHelper.java:192)
	at javafx.base@21.0.2/com.sun.javafx.binding.ExpressionHelper.fireValueChangedEvent(ExpressionHelper.java:91)
	at javafx.base@21.0.2/javafx.beans.property.StringPropertyBase.fireValueChangedEvent(StringPropertyBase.java:104)
	at javafx.base@21.0.2/javafx.beans.property.StringPropertyBase.markInvalid(StringPropertyBase.java:111)
	at javafx.base@21.0.2/javafx.beans.property.StringPropertyBase.set(StringPropertyBase.java:145)
	at javafx.base@21.0.2/javafx.beans.property.StringPropertyBase.set(StringPropertyBase.java:50)
	at javafx.base@21.0.2/javafx.beans.property.StringProperty.setValue(StringProperty.java:71)
	at javafx.controls@21.0.2/javafx.scene.control.Labeled.setText(Labeled.java:147)
	at javafx.controls@21.0.2/javafx.scene.control.skin.ComboBoxListViewSkin.updateDisplayText(ComboBoxListViewSkin.java:454)
	at javafx.controls@21.0.2/javafx.scene.control.skin.ComboBoxListViewSkin$2$1.updateItem(ComboBoxListViewSkin.java:506)
	at javafx.controls@21.0.2/javafx.scene.control.ListCell.updateItem(ListCell.java:494)
	at javafx.controls@21.0.2/javafx.scene.control.ListCell.indexChanged(ListCell.java:337)
	at javafx.controls@21.0.2/javafx.scene.control.IndexedCell$1.invalidated(IndexedCell.java:85)
	at javafx.base@21.0.2/javafx.beans.property.IntegerPropertyBase.markInvalid(IntegerPropertyBase.java:113)
	at javafx.base@21.0.2/javafx.beans.property.IntegerPropertyBase.set(IntegerPropertyBase.java:148)
	at javafx.controls@21.0.2/javafx.scene.control.IndexedCell.updateIndex(IndexedCell.java:130)
	at javafx.controls@21.0.2/javafx.scene.control.skin.ComboBoxListViewSkin.updateDisplayNode(ComboBoxListViewSkin.java:362)
	at javafx.controls@21.0.2/javafx.scene.control.skin.ComboBoxListViewSkin.getDisplayNode(ComboBoxListViewSkin.java:268)
	at javafx.controls@21.0.2/javafx.scene.control.skin.ComboBoxBaseSkin.updateDisplayArea(ComboBoxBaseSkin.java:296)
	at javafx.controls@21.0.2/javafx.scene.control.skin.ComboBoxBaseSkin.lambda$new$7(ComboBoxBaseSkin.java:140)
	at javafx.controls@21.0.2/com.sun.javafx.scene.control.ListenerHelper$4.changed(ListenerHelper.java:219)
	at javafx.base@21.0.2/com.sun.javafx.binding.ExpressionHelper$Generic.fireValueChangedEvent(ExpressionHelper.java:372)
	at javafx.base@21.0.2/com.sun.javafx.binding.ExpressionHelper.fireValueChangedEvent(ExpressionHelper.java:91)
	at javafx.base@21.0.2/javafx.beans.property.ObjectPropertyBase.fireValueChangedEvent(ObjectPropertyBase.java:106)
	at javafx.base@21.0.2/javafx.beans.property.ObjectPropertyBase.markInvalid(ObjectPropertyBase.java:113)
	at javafx.base@21.0.2/javafx.beans.property.ObjectPropertyBase.set(ObjectPropertyBase.java:147)
	at javafx.controls@21.0.2/javafx.scene.control.ComboBoxBase.setValue(ComboBoxBase.java:151)
	at javafx.controls@21.0.2/javafx.scene.control.ComboBox.updateValue(ComboBox.java:522)
	at javafx.controls@21.0.2/javafx.scene.control.ComboBox$3.changed(ComboBox.java:505)
	at javafx.base@21.0.2/com.sun.javafx.binding.ExpressionHelper$Generic.fireValueChangedEvent(ExpressionHelper.java:372)
	at javafx.base@21.0.2/com.sun.javafx.binding.ExpressionHelper.fireValueChangedEvent(ExpressionHelper.java:91)
	at javafx.base@21.0.2/javafx.beans.property.ReadOnlyObjectPropertyBase.fireValueChangedEvent(ReadOnlyObjectPropertyBase.java:80)
	at javafx.base@21.0.2/javafx.beans.property.ReadOnlyObjectWrapper.fireValueChangedEvent(ReadOnlyObjectWrapper.java:102)
	at javafx.base@21.0.2/javafx.beans.property.ObjectPropertyBase.markInvalid(ObjectPropertyBase.java:113)
	at javafx.base@21.0.2/javafx.beans.property.ObjectPropertyBase.set(ObjectPropertyBase.java:147)
	at javafx.controls@21.0.2/javafx.scene.control.SelectionModel.setSelectedItem(SelectionModel.java:105)
	at javafx.controls@21.0.2/javafx.scene.control.ComboBox$ComboBoxSelectionModel.lambda$new$0(ComboBox.java:562)
	at javafx.base@21.0.2/com.sun.javafx.binding.ExpressionHelper$SingleInvalidation.fireValueChangedEvent(ExpressionHelper.java:147)
	at javafx.base@21.0.2/com.sun.javafx.binding.ExpressionHelper.fireValueChangedEvent(ExpressionHelper.java:91)
	at javafx.base@21.0.2/javafx.beans.property.ReadOnlyIntegerPropertyBase.fireValueChangedEvent(ReadOnlyIntegerPropertyBase.java:78)
	at javafx.base@21.0.2/javafx.beans.property.ReadOnlyIntegerWrapper.fireValueChangedEvent(ReadOnlyIntegerWrapper.java:102)
	at javafx.base@21.0.2/javafx.beans.property.IntegerPropertyBase.markInvalid(IntegerPropertyBase.java:114)
	at javafx.base@21.0.2/javafx.beans.property.IntegerPropertyBase.set(IntegerPropertyBase.java:148)
	at javafx.controls@21.0.2/javafx.scene.control.SelectionModel.setSelectedIndex(SelectionModel.java:69)
	at javafx.controls@21.0.2/javafx.scene.control.ComboBox$ComboBoxSelectionModel$2.onChanged(ComboBox.java:593)
	at javafx.base@21.0.2/javafx.collections.WeakListChangeListener.onChanged(WeakListChangeListener.java:88)
	at javafx.base@21.0.2/com.sun.javafx.collections.ListListenerHelper$Generic.fireValueChangedEvent(ListListenerHelper.java:327)
	at javafx.base@21.0.2/com.sun.javafx.collections.ListListenerHelper.fireValueChangedEvent(ListListenerHelper.java:71)
	at javafx.base@21.0.2/javafx.collections.ObservableListBase.fireChange(ObservableListBase.java:246)
	at javafx.base@21.0.2/javafx.collections.ListChangeBuilder.commit(ListChangeBuilder.java:482)
	at javafx.base@21.0.2/javafx.collections.ListChangeBuilder.endChange(ListChangeBuilder.java:541)
	at javafx.base@21.0.2/javafx.collections.ObservableListBase.endChange(ObservableListBase.java:210)
	at javafx.base@21.0.2/com.sun.javafx.collections.ObservableListWrapper.clear(ObservableListWrapper.java:157)
	at pkg.vms@1.0-SNAPSHOT/pkg.vms.controller.BranchController.loadCompanies(BranchController.java:250)
	at pkg.vms@1.0-SNAPSHOT/pkg.vms.controller.BranchController.lambda$initialize$6(BranchController.java:92)
	at java.base/java.lang.Thread.run(Thread.java:1583)

Uncaught on thread Thread-10:
java.lang.IllegalStateException: Not on FX application thread; currentThread = Thread-10
	at javafx.graphics@21.0.2/com.sun.javafx.tk.Toolkit.checkFxUserThread(Toolkit.java:294)
	at javafx.graphics@21.0.2/com.sun.javafx.tk.quantum.QuantumToolkit.checkFxUserThread(QuantumToolkit.java:475)
	at javafx.graphics@21.0.2/javafx.scene.Parent$3.onProposedChange(Parent.java:475)
	at javafx.base@21.0.2/com.sun.javafx.collections.VetoableListDecorator.setAll(VetoableListDecorator.java:116)
	at javafx.base@21.0.2/com.sun.javafx.collections.VetoableListDecorator.setAll(VetoableListDecorator.java:110)
	at javafx.controls@21.0.2/javafx.scene.control.skin.LabeledSkinBase.updateChildren(LabeledSkinBase.java:282)
	at javafx.controls@21.0.2/javafx.scene.control.skin.LabeledSkinBase.lambda$new$11(LabeledSkinBase.java:219)
	at javafx.controls@21.0.2/com.sun.javafx.scene.control.LambdaMultiplePropertyChangeListenerHandler.lambda$new$1(LambdaMultiplePropertyChangeListenerHandler.java:88)
	at javafx.base@21.0.2/javafx.beans.value.WeakChangeListener.changed(WeakChangeListener.java:86)
	at javafx.base@21.0.2/com.sun.javafx.binding.ExpressionHelper$SingleChange.fireValueChangedEvent(ExpressionHelper.java:192)
	at javafx.base@21.0.2/com.sun.javafx.binding.ExpressionHelper.fireValueChangedEvent(ExpressionHelper.java:91)
	at javafx.base@21.0.2/javafx.beans.property.StringPropertyBase.fireValueChangedEvent(StringPropertyBase.java:104)
	at javafx.base@21.0.2/javafx.beans.property.StringPropertyBase.markInvalid(StringPropertyBase.java:111)
	at javafx.base@21.0.2/javafx.beans.property.StringPropertyBase.set(StringPropertyBase.java:145)
	at javafx.base@21.0.2/javafx.beans.property.StringPropertyBase.set(StringPropertyBase.java:50)
	at javafx.base@21.0.2/javafx.beans.property.StringProperty.setValue(StringProperty.java:71)
	at javafx.controls@21.0.2/javafx.scene.control.Labeled.setText(Labeled.java:147)
	at javafx.controls@21.0.2/javafx.scene.control.skin.ComboBoxListViewSkin.updateDisplayText(ComboBoxListViewSkin.java:470)
	at javafx.controls@21.0.2/javafx.scene.control.skin.ComboBoxListViewSkin.updateDisplayNode(ComboBoxListViewSkin.java:363)
	at javafx.controls@21.0.2/javafx.scene.control.skin.ComboBoxListViewSkin.getDisplayNode(ComboBoxListViewSkin.java:268)
	at javafx.controls@21.0.2/javafx.scene.control.skin.ComboBoxBaseSkin.updateDisplayArea(ComboBoxBaseSkin.java:296)
	at javafx.controls@21.0.2/javafx.scene.control.skin.ComboBoxBaseSkin.lambda$new$7(ComboBoxBaseSkin.java:140)
	at javafx.controls@21.0.2/com.sun.javafx.scene.control.ListenerHelper$4.changed(ListenerHelper.java:219)
	at javafx.base@21.0.2/com.sun.javafx.binding.ExpressionHelper$Generic.fireValueChangedEvent(ExpressionHelper.java:372)
	at javafx.base@21.0.2/com.sun.javafx.binding.ExpressionHelper.fireValueChangedEvent(ExpressionHelper.java:91)
	at javafx.base@21.0.2/javafx.beans.property.ObjectPropertyBase.fireValueChangedEvent(ObjectPropertyBase.java:106)
	at javafx.base@21.0.2/javafx.beans.property.ObjectPropertyBase.markInvalid(ObjectPropertyBase.java:113)
	at javafx.base@21.0.2/javafx.beans.property.ObjectPropertyBase.set(ObjectPropertyBase.java:147)
	at javafx.controls@21.0.2/javafx.scene.control.ComboBoxBase.setValue(ComboBoxBase.java:151)
	at javafx.controls@21.0.2/javafx.scene.control.ComboBox.updateValue(ComboBox.java:522)
	at javafx.controls@21.0.2/javafx.scene.control.ComboBox$3.changed(ComboBox.java:505)
	at javafx.base@21.0.2/com.sun.javafx.binding.ExpressionHelper$Generic.fireValueChangedEvent(ExpressionHelper.java:372)
	at javafx.base@21.0.2/com.sun.javafx.binding.ExpressionHelper.fireValueChangedEvent(ExpressionHelper.java:91)
	at javafx.base@21.0.2/javafx.beans.property.ReadOnlyObjectPropertyBase.fireValueChangedEvent(ReadOnlyObjectPropertyBase.java:80)
	at javafx.base@21.0.2/javafx.beans.property.ReadOnlyObjectWrapper.fireValueChangedEvent(ReadOnlyObjectWrapper.java:102)
	at javafx.base@21.0.2/javafx.beans.property.ObjectPropertyBase.markInvalid(ObjectPropertyBase.java:113)
	at javafx.base@21.0.2/javafx.beans.property.ObjectPropertyBase.set(ObjectPropertyBase.java:147)
	at javafx.controls@21.0.2/javafx.scene.control.SelectionModel.setSelectedItem(SelectionModel.java:105)
	at javafx.controls@21.0.2/javafx.scene.control.ComboBox$ComboBoxSelectionModel.lambda$new$0(ComboBox.java:562)
	at javafx.base@21.0.2/com.sun.javafx.binding.ExpressionHelper$SingleInvalidation.fireValueChangedEvent(ExpressionHelper.java:147)
	at javafx.base@21.0.2/com.sun.javafx.binding.ExpressionHelper.fireValueChangedEvent(ExpressionHelper.java:91)
	at javafx.base@21.0.2/javafx.beans.property.ReadOnlyIntegerPropertyBase.fireValueChangedEvent(ReadOnlyIntegerPropertyBase.java:78)
	at javafx.base@21.0.2/javafx.beans.property.ReadOnlyIntegerWrapper.fireValueChangedEvent(ReadOnlyIntegerWrapper.java:102)
	at javafx.base@21.0.2/javafx.beans.property.IntegerPropertyBase.markInvalid(IntegerPropertyBase.java:114)
	at javafx.base@21.0.2/javafx.beans.property.IntegerPropertyBase.set(IntegerPropertyBase.java:148)
	at javafx.controls@21.0.2/javafx.scene.control.SelectionModel.setSelectedIndex(SelectionModel.java:69)
	at javafx.controls@21.0.2/javafx.scene.control.ComboBox$ComboBoxSelectionModel$2.onChanged(ComboBox.java:593)
	at javafx.base@21.0.2/javafx.collections.WeakListChangeListener.onChanged(WeakListChangeListener.java:88)
	at javafx.base@21.0.2/com.sun.javafx.collections.ListListenerHelper$Generic.fireValueChangedEvent(ListListenerHelper.java:327)
	at javafx.base@21.0.2/com.sun.javafx.collections.ListListenerHelper.fireValueChangedEvent(ListListenerHelper.java:71)
	at javafx.base@21.0.2/javafx.collections.ObservableListBase.fireChange(ObservableListBase.java:246)
	at javafx.base@21.0.2/javafx.collections.ListChangeBuilder.commit(ListChangeBuilder.java:482)
	at javafx.base@21.0.2/javafx.collections.ListChangeBuilder.endChange(ListChangeBuilder.java:541)
	at javafx.base@21.0.2/javafx.collections.ObservableListBase.endChange(ObservableListBase.java:210)
	at javafx.base@21.0.2/com.sun.javafx.collections.ObservableListWrapper.clear(ObservableListWrapper.java:157)
	at pkg.vms@1.0-SNAPSHOT/pkg.vms.controller.BranchController.loadCompanies(BranchController.java:250)
	at pkg.vms@1.0-SNAPSHOT/pkg.vms.controller.BranchController.lambda$initialize$6(BranchController.java:92)
	at java.base/java.lang.Thread.run(Thread.java:1583)

HelloApplication class loaded 2026-04-20T05:11:39.340843300Z
main() entered 2026-04-20T05:11:39.358847100Z
main() 2026-04-20T05:11:39.362845300Z
Uncaught on thread Thread-8:
java.lang.IllegalStateException: Not on FX application thread; currentThread = Thread-8
	at javafx.graphics@21.0.2/com.sun.javafx.tk.Toolkit.checkFxUserThread(Toolkit.java:294)
	at javafx.graphics@21.0.2/com.sun.javafx.tk.quantum.QuantumToolkit.checkFxUserThread(QuantumToolkit.java:475)
	at javafx.graphics@21.0.2/javafx.scene.Parent$3.onProposedChange(Parent.java:475)
	at javafx.base@21.0.2/com.sun.javafx.collections.VetoableListDecorator.setAll(VetoableListDecorator.java:116)
	at javafx.base@21.0.2/com.sun.javafx.collections.VetoableListDecorator.setAll(VetoableListDecorator.java:110)
	at javafx.controls@21.0.2/javafx.scene.control.skin.LabeledSkinBase.updateChildren(LabeledSkinBase.java:282)
	at javafx.controls@21.0.2/javafx.scene.control.skin.LabeledSkinBase.lambda$new$11(LabeledSkinBase.java:219)
	at javafx.controls@21.0.2/com.sun.javafx.scene.control.LambdaMultiplePropertyChangeListenerHandler.lambda$new$1(LambdaMultiplePropertyChangeListenerHandler.java:88)
	at javafx.base@21.0.2/javafx.beans.value.WeakChangeListener.changed(WeakChangeListener.java:86)
	at javafx.base@21.0.2/com.sun.javafx.binding.ExpressionHelper$SingleChange.fireValueChangedEvent(ExpressionHelper.java:192)
	at javafx.base@21.0.2/com.sun.javafx.binding.ExpressionHelper.fireValueChangedEvent(ExpressionHelper.java:91)
	at javafx.base@21.0.2/javafx.beans.property.StringPropertyBase.fireValueChangedEvent(StringPropertyBase.java:104)
	at javafx.base@21.0.2/javafx.beans.property.StringPropertyBase.markInvalid(StringPropertyBase.java:111)
	at javafx.base@21.0.2/javafx.beans.property.StringPropertyBase.set(StringPropertyBase.java:145)
	at javafx.base@21.0.2/javafx.beans.property.StringPropertyBase.set(StringPropertyBase.java:50)
	at javafx.base@21.0.2/javafx.beans.property.StringProperty.setValue(StringProperty.java:71)
	at javafx.controls@21.0.2/javafx.scene.control.Labeled.setText(Labeled.java:147)
	at javafx.controls@21.0.2/javafx.scene.control.skin.ComboBoxListViewSkin.updateDisplayText(ComboBoxListViewSkin.java:454)
	at javafx.controls@21.0.2/javafx.scene.control.skin.ComboBoxListViewSkin$2$1.updateItem(ComboBoxListViewSkin.java:506)
	at javafx.controls@21.0.2/javafx.scene.control.ListCell.updateItem(ListCell.java:494)
	at javafx.controls@21.0.2/javafx.scene.control.ListCell.indexChanged(ListCell.java:337)
	at javafx.controls@21.0.2/javafx.scene.control.IndexedCell$1.invalidated(IndexedCell.java:85)
	at javafx.base@21.0.2/javafx.beans.property.IntegerPropertyBase.markInvalid(IntegerPropertyBase.java:113)
	at javafx.base@21.0.2/javafx.beans.property.IntegerPropertyBase.set(IntegerPropertyBase.java:148)
	at javafx.controls@21.0.2/javafx.scene.control.IndexedCell.updateIndex(IndexedCell.java:130)
	at javafx.controls@21.0.2/javafx.scene.control.skin.ComboBoxListViewSkin.updateDisplayNode(ComboBoxListViewSkin.java:362)
	at javafx.controls@21.0.2/javafx.scene.control.skin.ComboBoxListViewSkin.getDisplayNode(ComboBoxListViewSkin.java:268)
	at javafx.controls@21.0.2/javafx.scene.control.skin.ComboBoxBaseSkin.updateDisplayArea(ComboBoxBaseSkin.java:296)
	at javafx.controls@21.0.2/javafx.scene.control.skin.ComboBoxBaseSkin.lambda$new$7(ComboBoxBaseSkin.java:140)
	at javafx.controls@21.0.2/com.sun.javafx.scene.control.ListenerHelper$4.changed(ListenerHelper.java:219)
	at javafx.base@21.0.2/com.sun.javafx.binding.ExpressionHelper$Generic.fireValueChangedEvent(ExpressionHelper.java:372)
	at javafx.base@21.0.2/com.sun.javafx.binding.ExpressionHelper.fireValueChangedEvent(ExpressionHelper.java:91)
	at javafx.base@21.0.2/javafx.beans.property.ObjectPropertyBase.fireValueChangedEvent(ObjectPropertyBase.java:106)
	at javafx.base@21.0.2/javafx.beans.property.ObjectPropertyBase.markInvalid(ObjectPropertyBase.java:113)
	at javafx.base@21.0.2/javafx.beans.property.ObjectPropertyBase.set(ObjectPropertyBase.java:147)
	at javafx.controls@21.0.2/javafx.scene.control.ComboBoxBase.setValue(ComboBoxBase.java:151)
	at javafx.controls@21.0.2/javafx.scene.control.ComboBox.updateValue(ComboBox.java:522)
	at javafx.controls@21.0.2/javafx.scene.control.ComboBox$3.changed(ComboBox.java:505)
	at javafx.base@21.0.2/com.sun.javafx.binding.ExpressionHelper$Generic.fireValueChangedEvent(ExpressionHelper.java:372)
	at javafx.base@21.0.2/com.sun.javafx.binding.ExpressionHelper.fireValueChangedEvent(ExpressionHelper.java:91)
	at javafx.base@21.0.2/javafx.beans.property.ReadOnlyObjectPropertyBase.fireValueChangedEvent(ReadOnlyObjectPropertyBase.java:80)
	at javafx.base@21.0.2/javafx.beans.property.ReadOnlyObjectWrapper.fireValueChangedEvent(ReadOnlyObjectWrapper.java:102)
	at javafx.base@21.0.2/javafx.beans.property.ObjectPropertyBase.markInvalid(ObjectPropertyBase.java:113)
	at javafx.base@21.0.2/javafx.beans.property.ObjectPropertyBase.set(ObjectPropertyBase.java:147)
	at javafx.controls@21.0.2/javafx.scene.control.SelectionModel.setSelectedItem(SelectionModel.java:105)
	at javafx.controls@21.0.2/javafx.scene.control.ComboBox$ComboBoxSelectionModel.lambda$new$0(ComboBox.java:562)
	at javafx.base@21.0.2/com.sun.javafx.binding.ExpressionHelper$SingleInvalidation.fireValueChangedEvent(ExpressionHelper.java:147)
	at javafx.base@21.0.2/com.sun.javafx.binding.ExpressionHelper.fireValueChangedEvent(ExpressionHelper.java:91)
	at javafx.base@21.0.2/javafx.beans.property.ReadOnlyIntegerPropertyBase.fireValueChangedEvent(ReadOnlyIntegerPropertyBase.java:78)
	at javafx.base@21.0.2/javafx.beans.property.ReadOnlyIntegerWrapper.fireValueChangedEvent(ReadOnlyIntegerWrapper.java:102)
	at javafx.base@21.0.2/javafx.beans.property.IntegerPropertyBase.markInvalid(IntegerPropertyBase.java:114)
	at javafx.base@21.0.2/javafx.beans.property.IntegerPropertyBase.set(IntegerPropertyBase.java:148)
	at javafx.controls@21.0.2/javafx.scene.control.SelectionModel.setSelectedIndex(SelectionModel.java:69)
	at javafx.controls@21.0.2/javafx.scene.control.ComboBox$ComboBoxSelectionModel$2.onChanged(ComboBox.java:593)
	at javafx.base@21.0.2/javafx.collections.WeakListChangeListener.onChanged(WeakListChangeListener.java:88)
	at javafx.base@21.0.2/com.sun.javafx.collections.ListListenerHelper$Generic.fireValueChangedEvent(ListListenerHelper.java:327)
	at javafx.base@21.0.2/com.sun.javafx.collections.ListListenerHelper.fireValueChangedEvent(ListListenerHelper.java:71)
	at javafx.base@21.0.2/javafx.collections.ObservableListBase.fireChange(ObservableListBase.java:246)
	at javafx.base@21.0.2/javafx.collections.ListChangeBuilder.commit(ListChangeBuilder.java:482)
	at javafx.base@21.0.2/javafx.collections.ListChangeBuilder.endChange(ListChangeBuilder.java:541)
	at javafx.base@21.0.2/javafx.collections.ObservableListBase.endChange(ObservableListBase.java:210)
	at javafx.base@21.0.2/com.sun.javafx.collections.ObservableListWrapper.clear(ObservableListWrapper.java:157)
	at pkg.vms@1.0-SNAPSHOT/pkg.vms.controller.BranchController.loadCompanies(BranchController.java:250)
	at pkg.vms@1.0-SNAPSHOT/pkg.vms.controller.BranchController.lambda$initialize$6(BranchController.java:92)
	at java.base/java.lang.Thread.run(Thread.java:1583)

Uncaught on thread Thread-8:
java.lang.IllegalStateException: Not on FX application thread; currentThread = Thread-8
	at javafx.graphics@21.0.2/com.sun.javafx.tk.Toolkit.checkFxUserThread(Toolkit.java:294)
	at javafx.graphics@21.0.2/com.sun.javafx.tk.quantum.QuantumToolkit.checkFxUserThread(QuantumToolkit.java:475)
	at javafx.graphics@21.0.2/javafx.scene.Parent$3.onProposedChange(Parent.java:475)
	at javafx.base@21.0.2/com.sun.javafx.collections.VetoableListDecorator.setAll(VetoableListDecorator.java:116)
	at javafx.base@21.0.2/com.sun.javafx.collections.VetoableListDecorator.setAll(VetoableListDecorator.java:110)
	at javafx.controls@21.0.2/javafx.scene.control.skin.LabeledSkinBase.updateChildren(LabeledSkinBase.java:282)
	at javafx.controls@21.0.2/javafx.scene.control.skin.LabeledSkinBase.lambda$new$11(LabeledSkinBase.java:219)
	at javafx.controls@21.0.2/com.sun.javafx.scene.control.LambdaMultiplePropertyChangeListenerHandler.lambda$new$1(LambdaMultiplePropertyChangeListenerHandler.java:88)
	at javafx.base@21.0.2/javafx.beans.value.WeakChangeListener.changed(WeakChangeListener.java:86)
	at javafx.base@21.0.2/com.sun.javafx.binding.ExpressionHelper$SingleChange.fireValueChangedEvent(ExpressionHelper.java:192)
	at javafx.base@21.0.2/com.sun.javafx.binding.ExpressionHelper.fireValueChangedEvent(ExpressionHelper.java:91)
	at javafx.base@21.0.2/javafx.beans.property.StringPropertyBase.fireValueChangedEvent(StringPropertyBase.java:104)
	at javafx.base@21.0.2/javafx.beans.property.StringPropertyBase.markInvalid(StringPropertyBase.java:111)
	at javafx.base@21.0.2/javafx.beans.property.StringPropertyBase.set(StringPropertyBase.java:145)
	at javafx.base@21.0.2/javafx.beans.property.StringPropertyBase.set(StringPropertyBase.java:50)
	at javafx.base@21.0.2/javafx.beans.property.StringProperty.setValue(StringProperty.java:71)
	at javafx.controls@21.0.2/javafx.scene.control.Labeled.setText(Labeled.java:147)
	at javafx.controls@21.0.2/javafx.scene.control.skin.ComboBoxListViewSkin.updateDisplayText(ComboBoxListViewSkin.java:470)
	at javafx.controls@21.0.2/javafx.scene.control.skin.ComboBoxListViewSkin.updateDisplayNode(ComboBoxListViewSkin.java:363)
	at javafx.controls@21.0.2/javafx.scene.control.skin.ComboBoxListViewSkin.getDisplayNode(ComboBoxListViewSkin.java:268)
	at javafx.controls@21.0.2/javafx.scene.control.skin.ComboBoxBaseSkin.updateDisplayArea(ComboBoxBaseSkin.java:296)
	at javafx.controls@21.0.2/javafx.scene.control.skin.ComboBoxBaseSkin.lambda$new$7(ComboBoxBaseSkin.java:140)
	at javafx.controls@21.0.2/com.sun.javafx.scene.control.ListenerHelper$4.changed(ListenerHelper.java:219)
	at javafx.base@21.0.2/com.sun.javafx.binding.ExpressionHelper$Generic.fireValueChangedEvent(ExpressionHelper.java:372)
	at javafx.base@21.0.2/com.sun.javafx.binding.ExpressionHelper.fireValueChangedEvent(ExpressionHelper.java:91)
	at javafx.base@21.0.2/javafx.beans.property.ObjectPropertyBase.fireValueChangedEvent(ObjectPropertyBase.java:106)
	at javafx.base@21.0.2/javafx.beans.property.ObjectPropertyBase.markInvalid(ObjectPropertyBase.java:113)
	at javafx.base@21.0.2/javafx.beans.property.ObjectPropertyBase.set(ObjectPropertyBase.java:147)
	at javafx.controls@21.0.2/javafx.scene.control.ComboBoxBase.setValue(ComboBoxBase.java:151)
	at javafx.controls@21.0.2/javafx.scene.control.ComboBox.updateValue(ComboBox.java:522)
	at javafx.controls@21.0.2/javafx.scene.control.ComboBox$3.changed(ComboBox.java:505)
	at javafx.base@21.0.2/com.sun.javafx.binding.ExpressionHelper$Generic.fireValueChangedEvent(ExpressionHelper.java:372)
	at javafx.base@21.0.2/com.sun.javafx.binding.ExpressionHelper.fireValueChangedEvent(ExpressionHelper.java:91)
	at javafx.base@21.0.2/javafx.beans.property.ReadOnlyObjectPropertyBase.fireValueChangedEvent(ReadOnlyObjectPropertyBase.java:80)
	at javafx.base@21.0.2/javafx.beans.property.ReadOnlyObjectWrapper.fireValueChangedEvent(ReadOnlyObjectWrapper.java:102)
	at javafx.base@21.0.2/javafx.beans.property.ObjectPropertyBase.markInvalid(ObjectPropertyBase.java:113)
	at javafx.base@21.0.2/javafx.beans.property.ObjectPropertyBase.set(ObjectPropertyBase.java:147)
	at javafx.controls@21.0.2/javafx.scene.control.SelectionModel.setSelectedItem(SelectionModel.java:105)
	at javafx.controls@21.0.2/javafx.scene.control.ComboBox$ComboBoxSelectionModel.lambda$new$0(ComboBox.java:562)
	at javafx.base@21.0.2/com.sun.javafx.binding.ExpressionHelper$SingleInvalidation.fireValueChangedEvent(ExpressionHelper.java:147)
	at javafx.base@21.0.2/com.sun.javafx.binding.ExpressionHelper.fireValueChangedEvent(ExpressionHelper.java:91)
	at javafx.base@21.0.2/javafx.beans.property.ReadOnlyIntegerPropertyBase.fireValueChangedEvent(ReadOnlyIntegerPropertyBase.java:78)
	at javafx.base@21.0.2/javafx.beans.property.ReadOnlyIntegerWrapper.fireValueChangedEvent(ReadOnlyIntegerWrapper.java:102)
	at javafx.base@21.0.2/javafx.beans.property.IntegerPropertyBase.markInvalid(IntegerPropertyBase.java:114)
	at javafx.base@21.0.2/javafx.beans.property.IntegerPropertyBase.set(IntegerPropertyBase.java:148)
	at javafx.controls@21.0.2/javafx.scene.control.SelectionModel.setSelectedIndex(SelectionModel.java:69)
	at javafx.controls@21.0.2/javafx.scene.control.ComboBox$ComboBoxSelectionModel$2.onChanged(ComboBox.java:593)
	at javafx.base@21.0.2/javafx.collections.WeakListChangeListener.onChanged(WeakListChangeListener.java:88)
	at javafx.base@21.0.2/com.sun.javafx.collections.ListListenerHelper$Generic.fireValueChangedEvent(ListListenerHelper.java:327)
	at javafx.base@21.0.2/com.sun.javafx.collections.ListListenerHelper.fireValueChangedEvent(ListListenerHelper.java:71)
	at javafx.base@21.0.2/javafx.collections.ObservableListBase.fireChange(ObservableListBase.java:246)
	at javafx.base@21.0.2/javafx.collections.ListChangeBuilder.commit(ListChangeBuilder.java:482)
	at javafx.base@21.0.2/javafx.collections.ListChangeBuilder.endChange(ListChangeBuilder.java:541)
	at javafx.base@21.0.2/javafx.collections.ObservableListBase.endChange(ObservableListBase.java:210)
	at javafx.base@21.0.2/com.sun.javafx.collections.ObservableListWrapper.clear(ObservableListWrapper.java:157)
	at pkg.vms@1.0-SNAPSHOT/pkg.vms.controller.BranchController.loadCompanies(BranchController.java:250)
	at pkg.vms@1.0-SNAPSHOT/pkg.vms.controller.BranchController.lambda$initialize$6(BranchController.java:92)
	at java.base/java.lang.Thread.run(Thread.java:1583)

HelloApplication class loaded 2026-04-20T15:38:53.257033700Z
main() entered 2026-04-20T15:38:53.268563800Z
main() 2026-04-20T15:38:53.273648900Z
HelloApplication class loaded 2026-04-20T16:29:46.036334600Z
main() entered 2026-04-20T16:29:46.049337900Z
main() 2026-04-20T16:29:46.054336900Z
HelloApplication class loaded 2026-04-24T14:17:46.035188900Z
main() entered 2026-04-24T14:17:46.058192700Z
main() 2026-04-24T14:17:46.066189400Z
HelloApplication class loaded 2026-04-24T14:58:11.318538900Z
main() entered 2026-04-24T14:58:11.330536900Z
main() 2026-04-24T14:58:11.335536300Z
